#
# There is insufficient memory for the Java Runtime Environment to continue.
# Native memory allocation (malloc) failed to allocate 1450608 bytes. Error detail: Chunk::new
# Possible reasons:
#   The system is out of physical RAM or swap space
#   This process is running with CompressedOops enabled, and the Java Heap may be blocking the growth of the native heap
# Possible solutions:
#   Reduce memory load on the system
#   Increase physical memory or swap space
#   Check if swap backing store is full
#   Decrease Java heap size (-Xmx/-Xms)
#   Decrease number of Java threads
#   Decrease Java thread stack sizes (-Xss)
#   Set larger code cache with -XX:ReservedCodeCacheSize=
#   JVM is running with Unscaled Compressed Oops mode in which the Java heap is
#     placed in the first 4GB address space. The Java Heap base address is the
#     maximum limit for the native heap growth. Please use -XX:HeapBaseMinAddress
#     to set the Java Heap base and to place the Java Heap above 4GB virtual address.
# This output file may be truncated or incomplete.
#
#  Out of Memory Error (arena.cpp:168), pid=22064, tid=2796
#
# JRE version: OpenJDK Runtime Environment Temurin-21.0.6+7 (21.0.6+7) (build 21.0.6+7-LTS)
# Java VM: OpenJDK 64-Bit Server VM Temurin-21.0.6+7 (21.0.6+7-LTS, mixed mode, sharing, tiered, compressed oops, compressed class ptrs, g1 gc, windows-amd64)
# No core dump will be written. Minidumps are not enabled by default on client versions of Windows
#

---------------  S U M M A R Y ------------

Command Line: --add-opens=java.base/java.lang=ALL-UNNAMED --add-opens=java.base/java.lang.invoke=ALL-UNNAMED --add-opens=java.base/java.util=ALL-UNNAMED --add-opens=java.prefs/java.util.prefs=ALL-UNNAMED --add-exports=jdk.compiler/com.sun.tools.javac.api=ALL-UNNAMED --add-exports=jdk.compiler/com.sun.tools.javac.util=ALL-UNNAMED --add-opens=java.base/java.util=ALL-UNNAMED --add-opens=java.prefs/java.util.prefs=ALL-UNNAMED --add-opens=java.base/java.nio.charset=ALL-UNNAMED --add-opens=java.base/java.net=ALL-UNNAMED --add-opens=java.base/java.util.concurrent.atomic=ALL-UNNAMED --add-opens=java.xml/javax.xml.namespace=ALL-UNNAMED -Xmx2048m -Dfile.encoding=UTF-8 -Duser.country=IN -Duser.language=en -Duser.variant -javaagent:C:\Users\Saumil1103\.gradle\wrapper\dists\gradle-8.11.1-bin\bpt9gzteqjrbo1mjrsomdt32c\gradle-8.11.1\lib\agents\gradle-instrumentation-agent-8.11.1.jar org.gradle.launcher.daemon.bootstrap.GradleDaemon 8.11.1

Host: AMD Ryzen 5 5600H with Radeon Graphics         , 12 cores, 7G,  Windows 11 , 64 bit Build 26100 (10.0.26100.3775)
Time: Mon Apr 28 19:50:16 2025 AUS Eastern Standard Time elapsed time: 6.769646 seconds (0d 0h 0m 6s)

---------------  T H R E A D  ---------------

Current thread (0x0000029fe5cf2250):  JavaThread "C2 CompilerThread1" daemon [_thread_in_native, id=2796, stack(0x000000c86e200000,0x000000c86e300000) (1024K)]


Current CompileTask:
C2:6769 2911   !   4       java.net.URLClassLoader::findClass (47 bytes)

Stack: [0x000000c86e200000,0x000000c86e300000]
Native frames: (J=compiled Java code, j=interpreted, Vv=VM code, C=native code)
V  [jvm.dll+0x6cdee9]
V  [jvm.dll+0x8a83d1]
V  [jvm.dll+0x8aa8fe]
V  [jvm.dll+0x8aafe3]
V  [jvm.dll+0x27f706]
V  [jvm.dll+0xc500d]
V  [jvm.dll+0xc5543]
V  [jvm.dll+0x3b678c]
V  [jvm.dll+0x1dfe13]
V  [jvm.dll+0x247b42]
V  [jvm.dll+0x246fcf]
V  [jvm.dll+0x1c75ee]
V  [jvm.dll+0x25685a]
V  [jvm.dll+0x254dfa]
V  [jvm.dll+0x3f0256]
V  [jvm.dll+0x851f8b]
V  [jvm.dll+0x6cc5ed]
C  [ucrtbase.dll+0x37b0]
C  [KERNEL32.DLL+0x2e8d7]
C  [ntdll.dll+0xb14fc]


---------------  P R O C E S S  ---------------

Threads class SMR info:
_java_thread_list=0x0000029fe6c6a830, length=26, elements={
0x0000029fffdc9260, 0x0000029f9ea350f0, 0x0000029f9ea36860, 0x0000029f9ea3a4a0,
0x0000029f9ea3b380, 0x0000029f9ea3caf0, 0x0000029f9ea3e390, 0x0000029f9ea47a00,
0x0000029f9ea521f0, 0x0000029f9ea06d70, 0x0000029f9ed05580, 0x0000029fe4a33c80,
0x0000029fe5a6a730, 0x0000029fe4b7f7d0, 0x0000029fe5982640, 0x0000029fe5982ca0,
0x0000029fe5babce0, 0x0000029fe5baabb0, 0x0000029fe5a50d90, 0x0000029fe5b1e3b0,
0x0000029fe5b1d000, 0x0000029fe5b1c970, 0x0000029fe5b1ea40, 0x0000029fe5b1c2e0,
0x0000029fe5cf2250, 0x0000029fe5b1d690
}

Java Threads: ( => current thread )
  0x0000029fffdc9260 JavaThread "main"                              [_thread_blocked, id=22956, stack(0x000000c86bf00000,0x000000c86c000000) (1024K)]
  0x0000029f9ea350f0 JavaThread "Reference Handler"          daemon [_thread_blocked, id=12672, stack(0x000000c86c700000,0x000000c86c800000) (1024K)]
  0x0000029f9ea36860 JavaThread "Finalizer"                  daemon [_thread_blocked, id=10704, stack(0x000000c86c800000,0x000000c86c900000) (1024K)]
  0x0000029f9ea3a4a0 JavaThread "Signal Dispatcher"          daemon [_thread_blocked, id=5716, stack(0x000000c86c900000,0x000000c86ca00000) (1024K)]
  0x0000029f9ea3b380 JavaThread "Attach Listener"            daemon [_thread_blocked, id=17156, stack(0x000000c86ca00000,0x000000c86cb00000) (1024K)]
  0x0000029f9ea3caf0 JavaThread "Service Thread"             daemon [_thread_blocked, id=25540, stack(0x000000c86cb00000,0x000000c86cc00000) (1024K)]
  0x0000029f9ea3e390 JavaThread "Monitor Deflation Thread"   daemon [_thread_blocked, id=11236, stack(0x000000c86cc00000,0x000000c86cd00000) (1024K)]
  0x0000029f9ea47a00 JavaThread "C2 CompilerThread0"         daemon [_thread_in_native, id=14232, stack(0x000000c86cd00000,0x000000c86ce00000) (1024K)]
  0x0000029f9ea521f0 JavaThread "C1 CompilerThread0"         daemon [_thread_blocked, id=17456, stack(0x000000c86ce00000,0x000000c86cf00000) (1024K)]
  0x0000029f9ea06d70 JavaThread "Common-Cleaner"             daemon [_thread_blocked, id=13080, stack(0x000000c86cf00000,0x000000c86d000000) (1024K)]
  0x0000029f9ed05580 JavaThread "Notification Thread"        daemon [_thread_blocked, id=23820, stack(0x000000c86d000000,0x000000c86d100000) (1024K)]
  0x0000029fe4a33c80 JavaThread "Daemon health stats"               [_thread_blocked, id=21908, stack(0x000000c86d200000,0x000000c86d300000) (1024K)]
  0x0000029fe5a6a730 JavaThread "Incoming local TCP Connector on port 56875"        [_thread_in_native, id=16928, stack(0x000000c86d700000,0x000000c86d800000) (1024K)]
  0x0000029fe4b7f7d0 JavaThread "Daemon periodic checks"            [_thread_blocked, id=4704, stack(0x000000c86d100000,0x000000c86d200000) (1024K)]
  0x0000029fe5982640 JavaThread "Daemon"                            [_thread_blocked, id=1328, stack(0x000000c86d800000,0x000000c86d900000) (1024K)]
  0x0000029fe5982ca0 JavaThread "Handler for socket connection from /127.0.0.1:56875 to /127.0.0.1:56876"        [_thread_in_native, id=20724, stack(0x000000c86d900000,0x000000c86da00000) (1024K)]
  0x0000029fe5babce0 JavaThread "Cancel handler"                    [_thread_blocked, id=10376, stack(0x000000c86da00000,0x000000c86db00000) (1024K)]
  0x0000029fe5baabb0 JavaThread "Daemon worker"                     [_thread_in_Java, id=4440, stack(0x000000c86db00000,0x000000c86dc00000) (1024K)]
  0x0000029fe5a50d90 JavaThread "Asynchronous log dispatcher for DefaultDaemonConnection: socket connection from /127.0.0.1:56875 to /127.0.0.1:56876"        [_thread_blocked, id=6236, stack(0x000000c86dc00000,0x000000c86dd00000) (1024K)]
  0x0000029fe5b1e3b0 JavaThread "Stdin handler"                     [_thread_blocked, id=21324, stack(0x000000c86dd00000,0x000000c86de00000) (1024K)]
  0x0000029fe5b1d000 JavaThread "Daemon client event forwarder"        [_thread_blocked, id=3948, stack(0x000000c86de00000,0x000000c86df00000) (1024K)]
  0x0000029fe5b1c970 JavaThread "Cache worker for journal cache (C:\Users\Saumil1103\.gradle\caches\journal-1)"        [_thread_blocked, id=18068, stack(0x000000c86df00000,0x000000c86e000000) (1024K)]
  0x0000029fe5b1ea40 JavaThread "File lock request listener"        [_thread_in_native, id=23144, stack(0x000000c86e000000,0x000000c86e100000) (1024K)]
  0x0000029fe5b1c2e0 JavaThread "Cache worker for file hash cache (C:\Users\Saumil1103\.gradle\caches\8.11.1\fileHashes)"        [_thread_blocked, id=24044, stack(0x000000c86e100000,0x000000c86e200000) (1024K)]
=>0x0000029fe5cf2250 JavaThread "C2 CompilerThread1"         daemon [_thread_in_native, id=2796, stack(0x000000c86e200000,0x000000c86e300000) (1024K)]
  0x0000029fe5b1d690 JavaThread "File lock release action executor"        [_thread_blocked, id=20224, stack(0x000000c86e800000,0x000000c86e900000) (1024K)]
Total: 26

Other Threads:
  0x0000029fff4aecc0 VMThread "VM Thread"                           [id=5664, stack(0x000000c86c600000,0x000000c86c700000) (1024K)]
  0x0000029f9ea06600 WatcherThread "VM Periodic Task Thread"        [id=26768, stack(0x000000c86c500000,0x000000c86c600000) (1024K)]
  0x0000029fff4ae1e0 WorkerThread "GC Thread#0"                     [id=19072, stack(0x000000c86c000000,0x000000c86c100000) (1024K)]
  0x0000029fff4af060 WorkerThread "GC Thread#1"                     [id=13812, stack(0x000000c86d300000,0x000000c86d400000) (1024K)]
  0x0000029fff4af7a0 WorkerThread "GC Thread#2"                     [id=22192, stack(0x000000c86d400000,0x000000c86d500000) (1024K)]
  0x0000029fe415cab0 WorkerThread "GC Thread#3"                     [id=22196, stack(0x000000c86d500000,0x000000c86d600000) (1024K)]
  0x0000029fe415ce50 WorkerThread "GC Thread#4"                     [id=17640, stack(0x000000c86d600000,0x000000c86d700000) (1024K)]
  0x0000029fe415d930 WorkerThread "GC Thread#5"                     [id=17972, stack(0x000000c86e300000,0x000000c86e400000) (1024K)]
  0x0000029fe415aa10 WorkerThread "GC Thread#6"                     [id=17496, stack(0x000000c86e400000,0x000000c86e500000) (1024K)]
  0x0000029fe415c710 WorkerThread "GC Thread#7"                     [id=27408, stack(0x000000c86e500000,0x000000c86e600000) (1024K)]
  0x0000029fe415dcd0 WorkerThread "GC Thread#8"                     [id=17780, stack(0x000000c86e600000,0x000000c86e700000) (1024K)]
  0x0000029fe415e070 WorkerThread "GC Thread#9"                     [id=25248, stack(0x000000c86e700000,0x000000c86e800000) (1024K)]
  0x0000029fffe30910 ConcurrentGCThread "G1 Main Marker"            [id=25472, stack(0x000000c86c100000,0x000000c86c200000) (1024K)]
  0x0000029fff4ae920 WorkerThread "G1 Conc#0"                       [id=22920, stack(0x000000c86c200000,0x000000c86c300000) (1024K)]
  0x0000029fffe6eb40 ConcurrentGCThread "G1 Refine#0"               [id=27600, stack(0x000000c86c300000,0x000000c86c400000) (1024K)]
  0x0000029f9e8d4750 ConcurrentGCThread "G1 Service"                [id=6060, stack(0x000000c86c400000,0x000000c86c500000) (1024K)]
Total: 16

Threads with active compile tasks:
C2 CompilerThread0  6800 2920       4       java.lang.invoke.MethodType::makeImpl (109 bytes)
C2 CompilerThread1  6800 2911   !   4       java.net.URLClassLoader::findClass (47 bytes)
C2 CompilerThread2  6800 3022       4       java.util.concurrent.locks.ReentrantLock::unlock (10 bytes)
Total: 3

VM state: not at safepoint (normal execution)

VM Mutex/Monitor currently owned by a thread: None

Heap address: 0x0000000080000000, size: 2048 MB, Compressed Oops mode: 32-bit

CDS archive(s) mapped at: [0x0000029f9f000000-0x0000029f9fc80000-0x0000029f9fc80000), size 13107200, SharedBaseAddress: 0x0000029f9f000000, ArchiveRelocationMode: 1.
Compressed class space mapped at: 0x0000029fa0000000-0x0000029fe0000000, reserved size: 1073741824
Narrow klass base: 0x0000029f9f000000, Narrow klass shift: 0, Narrow klass range: 0x100000000

GC Precious Log:
 CardTable entry size: 512
 Card Set container configuration: InlinePtr #cards 5 size 8 Array Of Cards #cards 12 size 40 Howl #buckets 4 coarsen threshold 1843 Howl Bitmap #cards 512 size 80 coarsen threshold 460 Card regions per heap region 1 cards per card region 2048
 CPUs: 12 total, 12 available
 Memory: 7521M
 Large Page Support: Disabled
 NUMA Support: Disabled
 Compressed Oops: Enabled (32-bit)
 Heap Region Size: 1M
 Heap Min Capacity: 8M
 Heap Initial Capacity: 118M
 Heap Max Capacity: 2G
 Pre-touch: Disabled
 Parallel Workers: 10
 Concurrent Workers: 3
 Concurrent Refinement Workers: 10
 Periodic GC: Disabled

Heap:
 garbage-first heap   total 120832K, used 40135K [0x0000000080000000, 0x0000000100000000)
  region size 1024K, 27 young (27648K), 9 survivors (9216K)
 Metaspace       used 20118K, committed 20736K, reserved 1114112K
  class space    used 2850K, committed 3136K, reserved 1048576K

Heap Regions: E=young(eden), S=young(survivor), O=old, HS=humongous(starts), HC=humongous(continues), CS=collection set, F=free, TAMS=top-at-mark-start, PB=parsable bottom
|   0|0x0000000080000000, 0x0000000080100000, 0x0000000080100000|100%| O|  |TAMS 0x0000000080000000| PB 0x0000000080000000| Untracked 
|   1|0x0000000080100000, 0x0000000080200000, 0x0000000080200000|100%|HS|  |TAMS 0x0000000080100000| PB 0x0000000080100000| Complete 
|   2|0x0000000080200000, 0x0000000080300000, 0x0000000080300000|100%|HC|  |TAMS 0x0000000080200000| PB 0x0000000080200000| Complete 
|   3|0x0000000080300000, 0x0000000080400000, 0x0000000080400000|100%|HC|  |TAMS 0x0000000080300000| PB 0x0000000080300000| Complete 
|   4|0x0000000080400000, 0x0000000080500000, 0x0000000080500000|100%| O|  |TAMS 0x0000000080400000| PB 0x0000000080400000| Untracked 
|   5|0x0000000080500000, 0x0000000080600000, 0x0000000080600000|100%| O|  |TAMS 0x0000000080500000| PB 0x0000000080500000| Untracked 
|   6|0x0000000080600000, 0x0000000080700000, 0x0000000080700000|100%| O|  |TAMS 0x0000000080600000| PB 0x0000000080600000| Untracked 
|   7|0x0000000080700000, 0x0000000080800000, 0x0000000080800000|100%|HS|  |TAMS 0x0000000080700000| PB 0x0000000080700000| Complete 
|   8|0x0000000080800000, 0x0000000080831e48, 0x0000000080900000| 19%| O|  |TAMS 0x0000000080800000| PB 0x0000000080800000| Untracked 
|   9|0x0000000080900000, 0x0000000080a00000, 0x0000000080a00000|100%| O|  |TAMS 0x0000000080900000| PB 0x0000000080900000| Untracked 
|  10|0x0000000080a00000, 0x0000000080b00000, 0x0000000080b00000|100%| O|  |TAMS 0x0000000080a00000| PB 0x0000000080a00000| Untracked 
|  11|0x0000000080b00000, 0x0000000080c00000, 0x0000000080c00000|100%| O|  |TAMS 0x0000000080b00000| PB 0x0000000080b00000| Untracked 
|  12|0x0000000080c00000, 0x0000000080d00000, 0x0000000080d00000|100%| O|  |TAMS 0x0000000080c00000| PB 0x0000000080c00000| Untracked 
|  13|0x0000000080d00000, 0x0000000080e00000, 0x0000000080e00000|100%| O|  |TAMS 0x0000000080d00000| PB 0x0000000080d00000| Untracked 
|  14|0x0000000080e00000, 0x0000000080e00000, 0x0000000080f00000|  0%| F|  |TAMS 0x0000000080e00000| PB 0x0000000080e00000| Untracked 
|  15|0x0000000080f00000, 0x0000000080f00000, 0x0000000081000000|  0%| F|  |TAMS 0x0000000080f00000| PB 0x0000000080f00000| Untracked 
|  16|0x0000000081000000, 0x0000000081000000, 0x0000000081100000|  0%| F|  |TAMS 0x0000000081000000| PB 0x0000000081000000| Untracked 
|  17|0x0000000081100000, 0x0000000081100000, 0x0000000081200000|  0%| F|  |TAMS 0x0000000081100000| PB 0x0000000081100000| Untracked 
|  18|0x0000000081200000, 0x0000000081200000, 0x0000000081300000|  0%| F|  |TAMS 0x0000000081200000| PB 0x0000000081200000| Untracked 
|  19|0x0000000081300000, 0x0000000081300000, 0x0000000081400000|  0%| F|  |TAMS 0x0000000081300000| PB 0x0000000081300000| Untracked 
|  20|0x0000000081400000, 0x0000000081400000, 0x0000000081500000|  0%| F|  |TAMS 0x0000000081400000| PB 0x0000000081400000| Untracked 
|  21|0x0000000081500000, 0x0000000081500000, 0x0000000081600000|  0%| F|  |TAMS 0x0000000081500000| PB 0x0000000081500000| Untracked 
|  22|0x0000000081600000, 0x0000000081600000, 0x0000000081700000|  0%| F|  |TAMS 0x0000000081600000| PB 0x0000000081600000| Untracked 
|  23|0x0000000081700000, 0x0000000081700000, 0x0000000081800000|  0%| F|  |TAMS 0x0000000081700000| PB 0x0000000081700000| Untracked 
|  24|0x0000000081800000, 0x0000000081800000, 0x0000000081900000|  0%| F|  |TAMS 0x0000000081800000| PB 0x0000000081800000| Untracked 
|  25|0x0000000081900000, 0x0000000081900000, 0x0000000081a00000|  0%| F|  |TAMS 0x0000000081900000| PB 0x0000000081900000| Untracked 
|  26|0x0000000081a00000, 0x0000000081a00000, 0x0000000081b00000|  0%| F|  |TAMS 0x0000000081a00000| PB 0x0000000081a00000| Untracked 
|  27|0x0000000081b00000, 0x0000000081b00000, 0x0000000081c00000|  0%| F|  |TAMS 0x0000000081b00000| PB 0x0000000081b00000| Untracked 
|  28|0x0000000081c00000, 0x0000000081c00000, 0x0000000081d00000|  0%| F|  |TAMS 0x0000000081c00000| PB 0x0000000081c00000| Untracked 
|  29|0x0000000081d00000, 0x0000000081d00000, 0x0000000081e00000|  0%| F|  |TAMS 0x0000000081d00000| PB 0x0000000081d00000| Untracked 
|  30|0x0000000081e00000, 0x0000000081e00000, 0x0000000081f00000|  0%| F|  |TAMS 0x0000000081e00000| PB 0x0000000081e00000| Untracked 
|  31|0x0000000081f00000, 0x0000000081f00000, 0x0000000082000000|  0%| F|  |TAMS 0x0000000081f00000| PB 0x0000000081f00000| Untracked 
|  32|0x0000000082000000, 0x0000000082000000, 0x0000000082100000|  0%| F|  |TAMS 0x0000000082000000| PB 0x0000000082000000| Untracked 
|  33|0x0000000082100000, 0x0000000082100000, 0x0000000082200000|  0%| F|  |TAMS 0x0000000082100000| PB 0x0000000082100000| Untracked 
|  34|0x0000000082200000, 0x0000000082200000, 0x0000000082300000|  0%| F|  |TAMS 0x0000000082200000| PB 0x0000000082200000| Untracked 
|  35|0x0000000082300000, 0x0000000082300000, 0x0000000082400000|  0%| F|  |TAMS 0x0000000082300000| PB 0x0000000082300000| Untracked 
|  36|0x0000000082400000, 0x0000000082400000, 0x0000000082500000|  0%| F|  |TAMS 0x0000000082400000| PB 0x0000000082400000| Untracked 
|  37|0x0000000082500000, 0x0000000082500000, 0x0000000082600000|  0%| F|  |TAMS 0x0000000082500000| PB 0x0000000082500000| Untracked 
|  38|0x0000000082600000, 0x0000000082600000, 0x0000000082700000|  0%| F|  |TAMS 0x0000000082600000| PB 0x0000000082600000| Untracked 
|  39|0x0000000082700000, 0x0000000082800000, 0x0000000082800000|100%| S|CS|TAMS 0x0000000082700000| PB 0x0000000082700000| Complete 
|  40|0x0000000082800000, 0x0000000082900000, 0x0000000082900000|100%| S|CS|TAMS 0x0000000082800000| PB 0x0000000082800000| Complete 
|  41|0x0000000082900000, 0x0000000082a00000, 0x0000000082a00000|100%| S|CS|TAMS 0x0000000082900000| PB 0x0000000082900000| Complete 
|  42|0x0000000082a00000, 0x0000000082b00000, 0x0000000082b00000|100%| S|CS|TAMS 0x0000000082a00000| PB 0x0000000082a00000| Complete 
|  43|0x0000000082b00000, 0x0000000082c00000, 0x0000000082c00000|100%| S|CS|TAMS 0x0000000082b00000| PB 0x0000000082b00000| Complete 
|  44|0x0000000082c00000, 0x0000000082d00000, 0x0000000082d00000|100%| S|CS|TAMS 0x0000000082c00000| PB 0x0000000082c00000| Complete 
|  45|0x0000000082d00000, 0x0000000082e00000, 0x0000000082e00000|100%| S|CS|TAMS 0x0000000082d00000| PB 0x0000000082d00000| Complete 
|  46|0x0000000082e00000, 0x0000000082f00000, 0x0000000082f00000|100%| S|CS|TAMS 0x0000000082e00000| PB 0x0000000082e00000| Complete 
|  47|0x0000000082f00000, 0x0000000083000000, 0x0000000083000000|100%| S|CS|TAMS 0x0000000082f00000| PB 0x0000000082f00000| Complete 
|  48|0x0000000083000000, 0x0000000083000000, 0x0000000083100000|  0%| F|  |TAMS 0x0000000083000000| PB 0x0000000083000000| Untracked 
|  49|0x0000000083100000, 0x0000000083100000, 0x0000000083200000|  0%| F|  |TAMS 0x0000000083100000| PB 0x0000000083100000| Untracked 
|  50|0x0000000083200000, 0x0000000083200000, 0x0000000083300000|  0%| F|  |TAMS 0x0000000083200000| PB 0x0000000083200000| Untracked 
|  51|0x0000000083300000, 0x0000000083300000, 0x0000000083400000|  0%| F|  |TAMS 0x0000000083300000| PB 0x0000000083300000| Untracked 
|  52|0x0000000083400000, 0x0000000083400000, 0x0000000083500000|  0%| F|  |TAMS 0x0000000083400000| PB 0x0000000083400000| Untracked 
|  53|0x0000000083500000, 0x0000000083500000, 0x0000000083600000|  0%| F|  |TAMS 0x0000000083500000| PB 0x0000000083500000| Untracked 
|  54|0x0000000083600000, 0x0000000083600000, 0x0000000083700000|  0%| F|  |TAMS 0x0000000083600000| PB 0x0000000083600000| Untracked 
|  55|0x0000000083700000, 0x0000000083700000, 0x0000000083800000|  0%| F|  |TAMS 0x0000000083700000| PB 0x0000000083700000| Untracked 
|  56|0x0000000083800000, 0x0000000083800000, 0x0000000083900000|  0%| F|  |TAMS 0x0000000083800000| PB 0x0000000083800000| Untracked 
|  57|0x0000000083900000, 0x0000000083900000, 0x0000000083a00000|  0%| F|  |TAMS 0x0000000083900000| PB 0x0000000083900000| Untracked 
|  58|0x0000000083a00000, 0x0000000083a00000, 0x0000000083b00000|  0%| F|  |TAMS 0x0000000083a00000| PB 0x0000000083a00000| Untracked 
|  59|0x0000000083b00000, 0x0000000083b00000, 0x0000000083c00000|  0%| F|  |TAMS 0x0000000083b00000| PB 0x0000000083b00000| Untracked 
|  60|0x0000000083c00000, 0x0000000083c00000, 0x0000000083d00000|  0%| F|  |TAMS 0x0000000083c00000| PB 0x0000000083c00000| Untracked 
|  61|0x0000000083d00000, 0x0000000083d00000, 0x0000000083e00000|  0%| F|  |TAMS 0x0000000083d00000| PB 0x0000000083d00000| Untracked 
|  62|0x0000000083e00000, 0x0000000083e00000, 0x0000000083f00000|  0%| F|  |TAMS 0x0000000083e00000| PB 0x0000000083e00000| Untracked 
|  63|0x0000000083f00000, 0x0000000083f00000, 0x0000000084000000|  0%| F|  |TAMS 0x0000000083f00000| PB 0x0000000083f00000| Untracked 
|  64|0x0000000084000000, 0x0000000084000000, 0x0000000084100000|  0%| F|  |TAMS 0x0000000084000000| PB 0x0000000084000000| Untracked 
|  65|0x0000000084100000, 0x0000000084100000, 0x0000000084200000|  0%| F|  |TAMS 0x0000000084100000| PB 0x0000000084100000| Untracked 
|  66|0x0000000084200000, 0x0000000084200000, 0x0000000084300000|  0%| F|  |TAMS 0x0000000084200000| PB 0x0000000084200000| Untracked 
|  67|0x0000000084300000, 0x0000000084300000, 0x0000000084400000|  0%| F|  |TAMS 0x0000000084300000| PB 0x0000000084300000| Untracked 
|  68|0x0000000084400000, 0x0000000084400000, 0x0000000084500000|  0%| F|  |TAMS 0x0000000084400000| PB 0x0000000084400000| Untracked 
|  69|0x0000000084500000, 0x0000000084500000, 0x0000000084600000|  0%| F|  |TAMS 0x0000000084500000| PB 0x0000000084500000| Untracked 
|  70|0x0000000084600000, 0x0000000084600000, 0x0000000084700000|  0%| F|  |TAMS 0x0000000084600000| PB 0x0000000084600000| Untracked 
|  71|0x0000000084700000, 0x0000000084700000, 0x0000000084800000|  0%| F|  |TAMS 0x0000000084700000| PB 0x0000000084700000| Untracked 
|  72|0x0000000084800000, 0x0000000084800000, 0x0000000084900000|  0%| F|  |TAMS 0x0000000084800000| PB 0x0000000084800000| Untracked 
|  73|0x0000000084900000, 0x0000000084900000, 0x0000000084a00000|  0%| F|  |TAMS 0x0000000084900000| PB 0x0000000084900000| Untracked 
|  74|0x0000000084a00000, 0x0000000084a00000, 0x0000000084b00000|  0%| F|  |TAMS 0x0000000084a00000| PB 0x0000000084a00000| Untracked 
|  75|0x0000000084b00000, 0x0000000084b00000, 0x0000000084c00000|  0%| F|  |TAMS 0x0000000084b00000| PB 0x0000000084b00000| Untracked 
|  76|0x0000000084c00000, 0x0000000084c00000, 0x0000000084d00000|  0%| F|  |TAMS 0x0000000084c00000| PB 0x0000000084c00000| Untracked 
|  77|0x0000000084d00000, 0x0000000084d00000, 0x0000000084e00000|  0%| F|  |TAMS 0x0000000084d00000| PB 0x0000000084d00000| Untracked 
|  78|0x0000000084e00000, 0x0000000084e00000, 0x0000000084f00000|  0%| F|  |TAMS 0x0000000084e00000| PB 0x0000000084e00000| Untracked 
|  79|0x0000000084f00000, 0x0000000084f00000, 0x0000000085000000|  0%| F|  |TAMS 0x0000000084f00000| PB 0x0000000084f00000| Untracked 
|  80|0x0000000085000000, 0x0000000085000000, 0x0000000085100000|  0%| F|  |TAMS 0x0000000085000000| PB 0x0000000085000000| Untracked 
|  81|0x0000000085100000, 0x0000000085100000, 0x0000000085200000|  0%| F|  |TAMS 0x0000000085100000| PB 0x0000000085100000| Untracked 
|  82|0x0000000085200000, 0x0000000085200000, 0x0000000085300000|  0%| F|  |TAMS 0x0000000085200000| PB 0x0000000085200000| Untracked 
|  83|0x0000000085300000, 0x0000000085300000, 0x0000000085400000|  0%| F|  |TAMS 0x0000000085300000| PB 0x0000000085300000| Untracked 
|  84|0x0000000085400000, 0x0000000085400000, 0x0000000085500000|  0%| F|  |TAMS 0x0000000085400000| PB 0x0000000085400000| Untracked 
|  85|0x0000000085500000, 0x0000000085500000, 0x0000000085600000|  0%| F|  |TAMS 0x0000000085500000| PB 0x0000000085500000| Untracked 
|  86|0x0000000085600000, 0x0000000085600000, 0x0000000085700000|  0%| F|  |TAMS 0x0000000085600000| PB 0x0000000085600000| Untracked 
|  87|0x0000000085700000, 0x0000000085700000, 0x0000000085800000|  0%| F|  |TAMS 0x0000000085700000| PB 0x0000000085700000| Untracked 
|  88|0x0000000085800000, 0x0000000085800000, 0x0000000085900000|  0%| F|  |TAMS 0x0000000085800000| PB 0x0000000085800000| Untracked 
|  89|0x0000000085900000, 0x0000000085900000, 0x0000000085a00000|  0%| F|  |TAMS 0x0000000085900000| PB 0x0000000085900000| Untracked 
|  90|0x0000000085a00000, 0x0000000085a00000, 0x0000000085b00000|  0%| F|  |TAMS 0x0000000085a00000| PB 0x0000000085a00000| Untracked 
|  91|0x0000000085b00000, 0x0000000085b00000, 0x0000000085c00000|  0%| F|  |TAMS 0x0000000085b00000| PB 0x0000000085b00000| Untracked 
|  92|0x0000000085c00000, 0x0000000085c00000, 0x0000000085d00000|  0%| F|  |TAMS 0x0000000085c00000| PB 0x0000000085c00000| Untracked 
|  93|0x0000000085d00000, 0x0000000085d00000, 0x0000000085e00000|  0%| F|  |TAMS 0x0000000085d00000| PB 0x0000000085d00000| Untracked 
|  94|0x0000000085e00000, 0x0000000085e00000, 0x0000000085f00000|  0%| F|  |TAMS 0x0000000085e00000| PB 0x0000000085e00000| Untracked 
|  95|0x0000000085f00000, 0x0000000085f00000, 0x0000000086000000|  0%| F|  |TAMS 0x0000000085f00000| PB 0x0000000085f00000| Untracked 
|  96|0x0000000086000000, 0x0000000086000000, 0x0000000086100000|  0%| F|  |TAMS 0x0000000086000000| PB 0x0000000086000000| Untracked 
|  97|0x0000000086100000, 0x0000000086100000, 0x0000000086200000|  0%| F|  |TAMS 0x0000000086100000| PB 0x0000000086100000| Untracked 
|  98|0x0000000086200000, 0x0000000086200000, 0x0000000086300000|  0%| F|  |TAMS 0x0000000086200000| PB 0x0000000086200000| Untracked 
|  99|0x0000000086300000, 0x0000000086300000, 0x0000000086400000|  0%| F|  |TAMS 0x0000000086300000| PB 0x0000000086300000| Untracked 
| 100|0x0000000086400000, 0x0000000086500000, 0x0000000086500000|100%| E|  |TAMS 0x0000000086400000| PB 0x0000000086400000| Complete 
| 101|0x0000000086500000, 0x0000000086600000, 0x0000000086600000|100%| E|CS|TAMS 0x0000000086500000| PB 0x0000000086500000| Complete 
| 102|0x0000000086600000, 0x0000000086700000, 0x0000000086700000|100%| E|CS|TAMS 0x0000000086600000| PB 0x0000000086600000| Complete 
| 103|0x0000000086700000, 0x0000000086800000, 0x0000000086800000|100%| E|CS|TAMS 0x0000000086700000| PB 0x0000000086700000| Complete 
| 104|0x0000000086800000, 0x0000000086900000, 0x0000000086900000|100%| E|CS|TAMS 0x0000000086800000| PB 0x0000000086800000| Complete 
| 105|0x0000000086900000, 0x0000000086a00000, 0x0000000086a00000|100%| E|CS|TAMS 0x0000000086900000| PB 0x0000000086900000| Complete 
| 106|0x0000000086a00000, 0x0000000086b00000, 0x0000000086b00000|100%| E|CS|TAMS 0x0000000086a00000| PB 0x0000000086a00000| Complete 
| 107|0x0000000086b00000, 0x0000000086c00000, 0x0000000086c00000|100%| E|CS|TAMS 0x0000000086b00000| PB 0x0000000086b00000| Complete 
| 108|0x0000000086c00000, 0x0000000086d00000, 0x0000000086d00000|100%| E|CS|TAMS 0x0000000086c00000| PB 0x0000000086c00000| Complete 
| 109|0x0000000086d00000, 0x0000000086e00000, 0x0000000086e00000|100%| E|CS|TAMS 0x0000000086d00000| PB 0x0000000086d00000| Complete 
| 110|0x0000000086e00000, 0x0000000086f00000, 0x0000000086f00000|100%| E|CS|TAMS 0x0000000086e00000| PB 0x0000000086e00000| Complete 
| 111|0x0000000086f00000, 0x0000000087000000, 0x0000000087000000|100%| E|CS|TAMS 0x0000000086f00000| PB 0x0000000086f00000| Complete 
| 112|0x0000000087000000, 0x0000000087100000, 0x0000000087100000|100%| E|CS|TAMS 0x0000000087000000| PB 0x0000000087000000| Complete 
| 113|0x0000000087100000, 0x0000000087200000, 0x0000000087200000|100%| E|CS|TAMS 0x0000000087100000| PB 0x0000000087100000| Complete 
| 114|0x0000000087200000, 0x0000000087300000, 0x0000000087300000|100%| E|CS|TAMS 0x0000000087200000| PB 0x0000000087200000| Complete 
| 115|0x0000000087300000, 0x0000000087400000, 0x0000000087400000|100%| E|CS|TAMS 0x0000000087300000| PB 0x0000000087300000| Complete 
| 116|0x0000000087400000, 0x0000000087500000, 0x0000000087500000|100%| E|CS|TAMS 0x0000000087400000| PB 0x0000000087400000| Complete 
| 117|0x0000000087500000, 0x0000000087600000, 0x0000000087600000|100%| E|CS|TAMS 0x0000000087500000| PB 0x0000000087500000| Complete 

Card table byte_map: [0x0000029f999c0000,0x0000029f99dc0000] _byte_map_base: 0x0000029f995c0000

Marking Bits: (CMBitMap*) 0x0000029fffe1f1b0
 Bits: [0x0000029f99dc0000, 0x0000029f9bdc0000)

Polling page: 0x0000029fff770000

Metaspace:

Usage:
  Non-class:     16.87 MB used.
      Class:      2.79 MB used.
       Both:     19.66 MB used.

Virtual space:
  Non-class space:       64.00 MB reserved,      17.19 MB ( 27%) committed,  1 nodes.
      Class space:        1.00 GB reserved,       3.06 MB ( <1%) committed,  1 nodes.
             Both:        1.06 GB reserved,      20.25 MB (  2%) committed. 

Chunk freelists:
   Non-Class:  14.53 MB
       Class:  12.75 MB
        Both:  27.28 MB

MaxMetaspaceSize: unlimited
CompressedClassSpaceSize: 1.00 GB
Initial GC threshold: 21.00 MB
Current GC threshold: 21.00 MB
CDS: on
 - commit_granule_bytes: 65536.
 - commit_granule_words: 8192.
 - virtual_space_node_default_size: 8388608.
 - enlarge_chunks_in_place: 1.
 - use_allocation_guard: 0.


Internal statistics:

num_allocs_failed_limit: 0.
num_arena_births: 842.
num_arena_deaths: 0.
num_vsnodes_births: 2.
num_vsnodes_deaths: 0.
num_space_committed: 324.
num_space_uncommitted: 0.
num_chunks_returned_to_freelist: 0.
num_chunks_taken_from_freelist: 1619.
num_chunk_merges: 0.
num_chunk_splits: 1042.
num_chunks_enlarged: 684.
num_inconsistent_stats: 0.

CodeHeap 'non-profiled nmethods': size=120000Kb used=1502Kb max_used=1502Kb free=118497Kb
 bounds [0x0000029f91500000, 0x0000029f91770000, 0x0000029f98a30000]
CodeHeap 'profiled nmethods': size=120000Kb used=6013Kb max_used=6013Kb free=113987Kb
 bounds [0x0000029f89a30000, 0x0000029f8a010000, 0x0000029f90f60000]
CodeHeap 'non-nmethods': size=5760Kb used=1499Kb max_used=1550Kb free=4260Kb
 bounds [0x0000029f90f60000, 0x0000029f911d0000, 0x0000029f91500000]
 total_blobs=3603 nmethods=3028 adapters=479
 compilation: enabled
              stopped_count=0, restarted_count=0
 full_count=0

Compilation events (20 events):
Event: 5.731 Thread 0x0000029f9ea521f0 nmethod 3006 0x0000029f8a005210 code [0x0000029f8a0054a0, 0x0000029f8a006150]
Event: 5.733 Thread 0x0000029f9ea521f0 3008       3       jdk.internal.misc.Unsafe::putReferenceOpaque (9 bytes)
Event: 5.733 Thread 0x0000029f9ea521f0 nmethod 3008 0x0000029f8a006590 code [0x0000029f8a006720, 0x0000029f8a006880]
Event: 5.734 Thread 0x0000029f9ea521f0 3009       3       org.gradle.internal.service.DefaultServiceRegistry::determineAccessScope (30 bytes)
Event: 5.734 Thread 0x0000029f9ea521f0 nmethod 3009 0x0000029f8a006910 code [0x0000029f8a006b80, 0x0000029f8a007688]
Event: 5.734 Thread 0x0000029f9ea521f0 3010       3       org.gradle.internal.service.DefaultServiceRegistry$FactoryMethodService::<init> (17 bytes)
Event: 5.734 Thread 0x0000029f9ea521f0 nmethod 3010 0x0000029f8a007a10 code [0x0000029f8a007bc0, 0x0000029f8a007d88]
Event: 5.734 Thread 0x0000029f9ea521f0 3011       3       org.gradle.internal.service.DefaultServiceRegistry$FactoryMethodService::serviceTypesOf (42 bytes)
Event: 5.735 Thread 0x0000029f9ea521f0 nmethod 3011 0x0000029f8a007e90 code [0x0000029f8a008180, 0x0000029f8a009238]
Event: 5.735 Thread 0x0000029f9ea521f0 3012   !   3       jdk.proxy1.$Proxy2::value (29 bytes)
Event: 5.735 Thread 0x0000029f9ea521f0 nmethod 3012 0x0000029f8a009790 code [0x0000029f8a009960, 0x0000029f8a009d60]
Event: 5.735 Thread 0x0000029f9ea521f0 3013       3       org.gradle.internal.service.DefaultServiceRegistry$FactoryMethodService::<init> (34 bytes)
Event: 5.736 Thread 0x0000029f9ea521f0 nmethod 3013 0x0000029f8a009f10 code [0x0000029f8a00a0e0, 0x0000029f8a00a548]
Event: 5.745 Thread 0x0000029f9ea521f0 3016       3       jdk.internal.reflect.ConstantPool::getIntAt (10 bytes)
Event: 5.746 Thread 0x0000029f9ea521f0 nmethod 3016 0x0000029f8a00a790 code [0x0000029f8a00a940, 0x0000029f8a00aa88]
Event: 5.789 Thread 0x0000029f9ea521f0 3019       3       java.util.concurrent.TimeUnit::toNanos (45 bytes)
Event: 5.789 Thread 0x0000029f9ea521f0 nmethod 3019 0x0000029f8a00ab10 code [0x0000029f8a00acc0, 0x0000029f8a00af10]
Event: 5.820 Thread 0x0000029f9ea521f0 3020       3       java.util.concurrent.locks.LockSupport::setBlocker (12 bytes)
Event: 5.820 Thread 0x0000029f9ea521f0 nmethod 3020 0x0000029f8a00af90 code [0x0000029f8a00b140, 0x0000029f8a00b348]
Event: 6.753 Thread 0x0000029f9ea521f0 3021       3       java.util.concurrent.locks.AbstractQueuedSynchronizer$ConditionObject::canReacquire (38 bytes)

GC Heap History (8 events):
Event: 1.510 GC heap before
{Heap before GC invocations=0 (full 0):
 garbage-first heap   total 120832K, used 22528K [0x0000000080000000, 0x0000000100000000)
  region size 1024K, 23 young (23552K), 0 survivors (0K)
 Metaspace       used 1060K, committed 1216K, reserved 1114112K
  class space    used 76K, committed 128K, reserved 1048576K
}
Event: 1.517 GC heap after
{Heap after GC invocations=1 (full 0):
 garbage-first heap   total 120832K, used 3512K [0x0000000080000000, 0x0000000100000000)
  region size 1024K, 3 young (3072K), 3 survivors (3072K)
 Metaspace       used 1060K, committed 1216K, reserved 1114112K
  class space    used 76K, committed 128K, reserved 1048576K
}
Event: 2.318 GC heap before
{Heap before GC invocations=1 (full 0):
 garbage-first heap   total 120832K, used 40376K [0x0000000080000000, 0x0000000100000000)
  region size 1024K, 36 young (36864K), 3 survivors (3072K)
 Metaspace       used 4376K, committed 4544K, reserved 1114112K
  class space    used 533K, committed 640K, reserved 1048576K
}
Event: 2.334 GC heap after
{Heap after GC invocations=2 (full 0):
 garbage-first heap   total 120832K, used 11359K [0x0000000080000000, 0x0000000100000000)
  region size 1024K, 5 young (5120K), 5 survivors (5120K)
 Metaspace       used 4376K, committed 4544K, reserved 1114112K
  class space    used 533K, committed 640K, reserved 1048576K
}
Event: 3.035 GC heap before
{Heap before GC invocations=2 (full 0):
 garbage-first heap   total 120832K, used 58463K [0x0000000080000000, 0x0000000100000000)
  region size 1024K, 49 young (50176K), 5 survivors (5120K)
 Metaspace       used 4731K, committed 4992K, reserved 1114112K
  class space    used 585K, committed 704K, reserved 1048576K
}
Event: 3.046 GC heap after
{Heap after GC invocations=3 (full 0):
 garbage-first heap   total 120832K, used 17084K [0x0000000080000000, 0x0000000100000000)
  region size 1024K, 5 young (5120K), 5 survivors (5120K)
 Metaspace       used 4731K, committed 4992K, reserved 1114112K
  class space    used 585K, committed 704K, reserved 1048576K
}
Event: 5.413 GC heap before
{Heap before GC invocations=3 (full 0):
 garbage-first heap   total 120832K, used 83644K [0x0000000080000000, 0x0000000100000000)
  region size 1024K, 70 young (71680K), 5 survivors (5120K)
 Metaspace       used 18086K, committed 18624K, reserved 1114112K
  class space    used 2487K, committed 2752K, reserved 1048576K
}
Event: 5.422 GC heap after
{Heap after GC invocations=4 (full 0):
 garbage-first heap   total 120832K, used 22727K [0x0000000080000000, 0x0000000100000000)
  region size 1024K, 9 young (9216K), 9 survivors (9216K)
 Metaspace       used 18086K, committed 18624K, reserved 1114112K
  class space    used 2487K, committed 2752K, reserved 1048576K
}

Dll operation events (15 events):
Event: 0.011 Loaded shared library c:\Users\Saumil1103\AppData\Roaming\Code\User\globalStorage\pleiades.java-extension-pack-jdk\java\21\bin\java.dll
Event: 1.045 Loaded shared library c:\Users\Saumil1103\AppData\Roaming\Code\User\globalStorage\pleiades.java-extension-pack-jdk\java\21\bin\jsvml.dll
Event: 1.080 Loaded shared library c:\Users\Saumil1103\AppData\Roaming\Code\User\globalStorage\pleiades.java-extension-pack-jdk\java\21\bin\zip.dll
Event: 1.083 Loaded shared library C:\Users\Saumil1103\AppData\Roaming\Code\User\globalStorage\pleiades.java-extension-pack-jdk\java\21\bin\instrument.dll
Event: 1.086 Loaded shared library C:\Users\Saumil1103\AppData\Roaming\Code\User\globalStorage\pleiades.java-extension-pack-jdk\java\21\bin\net.dll
Event: 1.089 Loaded shared library C:\Users\Saumil1103\AppData\Roaming\Code\User\globalStorage\pleiades.java-extension-pack-jdk\java\21\bin\nio.dll
Event: 1.092 Loaded shared library C:\Users\Saumil1103\AppData\Roaming\Code\User\globalStorage\pleiades.java-extension-pack-jdk\java\21\bin\zip.dll
Event: 1.389 Loaded shared library C:\Users\Saumil1103\AppData\Roaming\Code\User\globalStorage\pleiades.java-extension-pack-jdk\java\21\bin\jimage.dll
Event: 1.622 Loaded shared library c:\Users\Saumil1103\AppData\Roaming\Code\User\globalStorage\pleiades.java-extension-pack-jdk\java\21\bin\verify.dll
Event: 1.849 Loaded shared library C:\Users\Saumil1103\.gradle\native\c067742578af261105cb4f569cf0c3c89f3d7b1fecec35dd04571415982c5e48\windows-amd64\native-platform.dll
Event: 1.855 Loaded shared library C:\Users\Saumil1103\.gradle\native\100fb08df4bc3b14c8652ba06237920a3bd2aa13389f12d3474272988ae205f9\windows-amd64\native-platform-file-events.dll
Event: 3.324 Loaded shared library C:\Users\Saumil1103\AppData\Roaming\Code\User\globalStorage\pleiades.java-extension-pack-jdk\java\21\bin\management.dll
Event: 3.329 Loaded shared library C:\Users\Saumil1103\AppData\Roaming\Code\User\globalStorage\pleiades.java-extension-pack-jdk\java\21\bin\management_ext.dll
Event: 3.696 Loaded shared library C:\Users\Saumil1103\AppData\Roaming\Code\User\globalStorage\pleiades.java-extension-pack-jdk\java\21\bin\extnet.dll
Event: 4.059 Loaded shared library C:\Users\Saumil1103\AppData\Roaming\Code\User\globalStorage\pleiades.java-extension-pack-jdk\java\21\bin\sunmscapi.dll

Deoptimization events (20 events):
Event: 4.999 Thread 0x0000029fe5baabb0 DEOPT PACKING pc=0x0000029f915358f8 sp=0x000000c86dbfb6c0
Event: 4.999 Thread 0x0000029fe5baabb0 DEOPT UNPACKING pc=0x0000029f90fb46a2 sp=0x000000c86dbfb690 mode 2
Event: 5.066 Thread 0x0000029fe5baabb0 DEOPT PACKING pc=0x0000029f89eac082 sp=0x000000c86dbfa560
Event: 5.066 Thread 0x0000029fe5baabb0 DEOPT UNPACKING pc=0x0000029f90fb4e42 sp=0x000000c86dbf9a70 mode 0
Event: 5.087 Thread 0x0000029fe5baabb0 Uncommon trap: trap_request=0xffffff45 fr.pc=0x0000029f9152e494 relative=0x00000000000000f4
Event: 5.087 Thread 0x0000029fe5baabb0 Uncommon trap: reason=unstable_if action=reinterpret pc=0x0000029f9152e494 method=java.util.HashMap.hash(Ljava/lang/Object;)I @ 1 c2
Event: 5.087 Thread 0x0000029fe5baabb0 DEOPT PACKING pc=0x0000029f9152e494 sp=0x000000c86dbfc720
Event: 5.087 Thread 0x0000029fe5baabb0 DEOPT UNPACKING pc=0x0000029f90fb46a2 sp=0x000000c86dbfc660 mode 2
Event: 5.364 Thread 0x0000029fe5a50d90 Uncommon trap: trap_request=0xffffff45 fr.pc=0x0000029f9160179c relative=0x000000000000017c
Event: 5.364 Thread 0x0000029fe5a50d90 Uncommon trap: reason=unstable_if action=reinterpret pc=0x0000029f9160179c method=java.util.concurrent.locks.ReentrantLock$NonfairSync.initialTryLock()Z @ 25 c2
Event: 5.364 Thread 0x0000029fe5a50d90 DEOPT PACKING pc=0x0000029f9160179c sp=0x000000c86dcff4b0
Event: 5.364 Thread 0x0000029fe5a50d90 DEOPT UNPACKING pc=0x0000029f90fb46a2 sp=0x000000c86dcff450 mode 2
Event: 5.431 Thread 0x0000029fe5baabb0 DEOPT PACKING pc=0x0000029f89eac082 sp=0x000000c86dbfbc50
Event: 5.431 Thread 0x0000029fe5baabb0 DEOPT UNPACKING pc=0x0000029f90fb4e42 sp=0x000000c86dbfb160 mode 0
Event: 5.476 Thread 0x0000029fe5baabb0 DEOPT PACKING pc=0x0000029f89eabb87 sp=0x000000c86dbf8350
Event: 5.476 Thread 0x0000029fe5baabb0 DEOPT UNPACKING pc=0x0000029f90fb4e42 sp=0x000000c86dbf7850 mode 0
Event: 5.494 Thread 0x0000029fe5baabb0 DEOPT PACKING pc=0x0000029f89eac061 sp=0x000000c86dbfc360
Event: 5.494 Thread 0x0000029fe5baabb0 DEOPT UNPACKING pc=0x0000029f90fb4e42 sp=0x000000c86dbfb870 mode 0
Event: 5.589 Thread 0x0000029fe5baabb0 DEOPT PACKING pc=0x0000029f89b19ed9 sp=0x000000c86dbfb7d0
Event: 5.589 Thread 0x0000029fe5baabb0 DEOPT UNPACKING pc=0x0000029f90fb4e42 sp=0x000000c86dbfac68 mode 0

Classes loaded (20 events):
Event: 5.305 Loading class java/util/Collections$2
Event: 5.306 Loading class java/util/Collections$2 done
Event: 5.347 Loading class java/io/ObjectOutputStream$BlockDataOutputStream
Event: 5.347 Loading class java/io/ObjectOutputStream$BlockDataOutputStream done
Event: 5.347 Loading class java/io/ObjectOutputStream$HandleTable
Event: 5.347 Loading class java/io/ObjectOutputStream$HandleTable done
Event: 5.347 Loading class java/io/ObjectOutputStream$ReplaceTable
Event: 5.347 Loading class java/io/ObjectOutputStream$ReplaceTable done
Event: 5.362 Loading class java/io/UnsupportedEncodingException
Event: 5.362 Loading class java/io/UnsupportedEncodingException done
Event: 5.362 Loading class java/nio/charset/CharacterCodingException
Event: 5.362 Loading class java/nio/charset/CharacterCodingException done
Event: 5.362 Loading class java/util/stream/IntStream
Event: 5.362 Loading class java/util/stream/IntStream done
Event: 5.458 Loading class java/util/function/LongFunction
Event: 5.458 Loading class java/util/function/LongFunction done
Event: 5.530 Loading class java/security/InvalidKeyException
Event: 5.530 Loading class java/security/KeyException
Event: 5.530 Loading class java/security/KeyException done
Event: 5.530 Loading class java/security/InvalidKeyException done

Classes unloaded (0 events):
No events

Classes redefined (0 events):
No events

Internal exceptions (20 events):
Event: 5.183 Thread 0x0000029fe5baabb0 Exception <a 'java/lang/NoSuchMethodError'{0x00000000837c1f70}: 'java.lang.Object java.lang.invoke.DirectMethodHandle$Holder.invokeStatic(java.lang.Object, java.lang.Object, java.lang.Object, java.lang.Object, java.lang.Object, java.lang.Object, java.lang.Object, java.lang.Object, java.lang.Object, java.lang.Object, java.lang.Object, java.lang.Object, java.lang.Object, java.lang.Object, java.lang.Object, java.lang.Object, java.lang.Object, java.lang.Object)'> (0x00000000837c1f70) 
thrown [s\src\hotspot\sha
Event: 5.185 Thread 0x0000029fe5baabb0 Exception <a 'java/lang/NoSuchMethodError'{0x00000000837ec5a0}: 'java.lang.Object java.lang.invoke.DirectMethodHandle$Holder.invokeStatic(java.lang.Object, java.lang.Object, java.lang.Object, java.lang.Object, java.lang.Object, java.lang.Object, java.lang.Object, java.lang.Object, java.lang.Object, java.lang.Object, java.lang.Object, java.lang.Object, java.lang.Object, java.lang.Object, java.lang.Object, java.lang.Object, java.lang.Object, java.lang.Object, java.lang.Object)'> (0x00000000837ec5a0) 
thrown 
Event: 5.189 Thread 0x0000029fe5baabb0 Exception <a 'java/lang/NoSuchMethodError'{0x0000000083617f30}: 'java.lang.Object java.lang.invoke.DirectMethodHandle$Holder.invokeStatic(java.lang.Object, java.lang.Object, java.lang.Object, java.lang.Object, java.lang.Object, java.lang.Object, java.lang.Object, java.lang.Object, java.lang.Object, java.lang.Object, java.lang.Object, java.lang.Object, java.lang.Object, java.lang.Object, java.lang.Object, java.lang.Object, java.lang.Object, java.lang.Object, java.lang.Object, java.lang.Object)'> (0x00000000
Event: 5.196 Thread 0x0000029fe5baabb0 Exception <a 'java/lang/NoSuchMethodError'{0x0000000083644668}: 'java.lang.Object java.lang.invoke.DirectMethodHandle$Holder.invokeStatic(java.lang.Object, java.lang.Object, java.lang.Object, java.lang.Object, java.lang.Object, java.lang.Object, java.lang.Object, java.lang.Object, java.lang.Object, java.lang.Object, java.lang.Object, java.lang.Object, java.lang.Object, java.lang.Object, java.lang.Object, java.lang.Object, java.lang.Object, java.lang.Object, java.lang.Object, java.lang.Object, java.lang.Obj
Event: 5.198 Thread 0x0000029fe5baabb0 Exception <a 'java/lang/NoSuchMethodError'{0x0000000083673090}: 'java.lang.Object java.lang.invoke.DirectMethodHandle$Holder.invokeStatic(java.lang.Object, java.lang.Object, java.lang.Object, java.lang.Object, java.lang.Object, java.lang.Object, java.lang.Object, java.lang.Object, java.lang.Object, java.lang.Object, java.lang.Object, java.lang.Object, java.lang.Object, java.lang.Object, java.lang.Object, java.lang.Object, java.lang.Object, java.lang.Object, java.lang.Object, java.lang.Object, java.lang.Obj
Event: 5.200 Thread 0x0000029fe5baabb0 Exception <a 'java/lang/NoSuchMethodError'{0x00000000836a1388}: 'java.lang.Object java.lang.invoke.DirectMethodHandle$Holder.invokeStatic(java.lang.Object, java.lang.Object, java.lang.Object, java.lang.Object, java.lang.Object, java.lang.Object, java.lang.Object, java.lang.Object, java.lang.Object, java.lang.Object, java.lang.Object, java.lang.Object, java.lang.Object, java.lang.Object, java.lang.Object, java.lang.Object, java.lang.Object, java.lang.Object, java.lang.Object, java.lang.Object, java.lang.Obj
Event: 5.201 Thread 0x0000029fe5baabb0 Exception <a 'java/lang/NoSuchMethodError'{0x00000000836d05b8}: 'java.lang.Object java.lang.invoke.DirectMethodHandle$Holder.invokeStatic(java.lang.Object, java.lang.Object, java.lang.Object, java.lang.Object, java.lang.Object, java.lang.Object, java.lang.Object, java.lang.Object, java.lang.Object, java.lang.Object, java.lang.Object, java.lang.Object, java.lang.Object, java.lang.Object, java.lang.Object, java.lang.Object, java.lang.Object, java.lang.Object, java.lang.Object, java.lang.Object, java.lang.Obj
Event: 5.210 Thread 0x0000029fe5baabb0 Exception <a 'java/lang/NoSuchMethodError'{0x0000000083500868}: 'java.lang.Object java.lang.invoke.DirectMethodHandle$Holder.invokeStatic(java.lang.Object, java.lang.Object, java.lang.Object, java.lang.Object, java.lang.Object, java.lang.Object, java.lang.Object, java.lang.Object, java.lang.Object, java.lang.Object, java.lang.Object, java.lang.Object, java.lang.Object, java.lang.Object, java.lang.Object, java.lang.Object, java.lang.Object, java.lang.Object, java.lang.Object, java.lang.Object, java.lang.Obj
Event: 5.213 Thread 0x0000029fe5baabb0 Exception <a 'java/lang/NoSuchMethodError'{0x0000000083531fa8}: 'java.lang.Object java.lang.invoke.DirectMethodHandle$Holder.invokeStatic(java.lang.Object, java.lang.Object, java.lang.Object, java.lang.Object, java.lang.Object, java.lang.Object, java.lang.Object, java.lang.Object, java.lang.Object, java.lang.Object, java.lang.Object, java.lang.Object, java.lang.Object, java.lang.Object, java.lang.Object, java.lang.Object, java.lang.Object, java.lang.Object, java.lang.Object, java.lang.Object, java.lang.Obj
Event: 5.276 Thread 0x0000029fe5baabb0 Exception <a 'java/lang/IncompatibleClassChangeError'{0x0000000083463d40}: Found class java.lang.Object, but interface was expected> (0x0000000083463d40) 
thrown [s\src\hotspot\share\interpreter\linkResolver.cpp, line 840]
Event: 5.350 Thread 0x0000029fe5b1d000 Exception <a 'java/lang/NoSuchMethodError'{0x0000000085b13328}: static Lorg/gradle/internal/build/event/types/DefaultOperationStartedProgressEvent;.<clinit>()V> (0x0000000085b13328) 
thrown [s\src\hotspot\share\prims\jni.cpp, line 1111]
Event: 5.350 Thread 0x0000029fe5b1d000 Exception <a 'java/lang/NoSuchMethodError'{0x0000000085b14960}: static Lorg/gradle/internal/build/event/types/AbstractProgressEvent;.<clinit>()V> (0x0000000085b14960) 
thrown [s\src\hotspot\share\prims\jni.cpp, line 1111]
Event: 5.359 Thread 0x0000029fe5b1d000 Exception <a 'java/lang/NoSuchMethodError'{0x0000000085b1d558}: static Lorg/gradle/internal/build/event/types/DefaultOperationDescriptor;.<clinit>()V> (0x0000000085b1d558) 
thrown [s\src\hotspot\share\prims\jni.cpp, line 1111]
Event: 5.368 Thread 0x0000029fe5b1d000 Exception <a 'java/lang/NoSuchMethodError'{0x0000000085b360c8}: static Lorg/gradle/internal/operations/OperationIdentifier;.<clinit>()V> (0x0000000085b360c8) 
thrown [s\src\hotspot\share\prims\jni.cpp, line 1111]
Event: 5.566 Thread 0x0000029fe5baabb0 Exception <a 'java/lang/IncompatibleClassChangeError'{0x0000000086ffafe8}: Found class java.lang.Object, but interface was expected> (0x0000000086ffafe8) 
thrown [s\src\hotspot\share\interpreter\linkResolver.cpp, line 840]
Event: 5.573 Thread 0x0000029fe5baabb0 Exception <a 'java/lang/NoSuchMethodError'{0x0000000086e2dba8}: 'java.lang.Object java.lang.invoke.DirectMethodHandle$Holder.newInvokeSpecial(java.lang.Object, java.lang.Object, java.lang.Object, java.lang.Object, java.lang.Object, java.lang.Object, java.lang.Object, java.lang.Object, java.lang.Object, java.lang.Object)'> (0x0000000086e2dba8) 
thrown [s\src\hotspot\share\interpreter\linkResolver.cpp, line 773]
Event: 5.600 Thread 0x0000029fe5baabb0 Exception <a 'java/lang/NoSuchMethodError'{0x0000000086d2afe0}: 'java.lang.Object java.lang.invoke.DirectMethodHandle$Holder.newInvokeSpecial(java.lang.Object, java.lang.Object, java.lang.Object, java.lang.Object, java.lang.Object, java.lang.Object, java.lang.Object, java.lang.Object)'> (0x0000000086d2afe0) 
thrown [s\src\hotspot\share\interpreter\linkResolver.cpp, line 773]
Event: 5.622 Thread 0x0000029fe5baabb0 Exception <a 'java/lang/NoSuchMethodError'{0x0000000086dd9e78}: 'int java.lang.invoke.DirectMethodHandle$Holder.invokeStaticInit(java.lang.Object, java.lang.Object, java.lang.Object)'> (0x0000000086dd9e78) 
thrown [s\src\hotspot\share\interpreter\linkResolver.cpp, line 773]
Event: 5.737 Thread 0x0000029fe5baabb0 Exception <a 'java/lang/NoSuchMethodError'{0x0000000086770680}: 'java.lang.Object java.lang.invoke.DirectMethodHandle$Holder.invokeVirtual(java.lang.Object, java.lang.Object, java.lang.Object, java.lang.Object, java.lang.Object, java.lang.Object, java.lang.Object, java.lang.Object, java.lang.Object, java.lang.Object, java.lang.Object, java.lang.Object, java.lang.Object, java.lang.Object, java.lang.Object, java.lang.Object, java.lang.Object, java.lang.Object, java.lang.Object, java.lang.Object, java.lang.Ob
Event: 5.745 Thread 0x0000029fe5baabb0 Exception <a 'java/lang/NoSuchMethodError'{0x00000000867e4858}: 'java.lang.Object java.lang.invoke.DirectMethodHandle$Holder.invokeSpecial(java.lang.Object, java.lang.Object, java.lang.Object, java.lang.Object, java.lang.Object, java.lang.Object, java.lang.Object, java.lang.Object, java.lang.Object, java.lang.Object, java.lang.Object, java.lang.Object, java.lang.Object, java.lang.Object, java.lang.Object, java.lang.Object, java.lang.Object, java.lang.Object, java.lang.Object, java.lang.Object, java.lang.Ob

ZGC Phase Switch (0 events):
No events

VM Operations (20 events):
Event: 3.582 Executing VM operation: HandshakeAllThreads (Deoptimize) done
Event: 3.661 Executing VM operation: HandshakeAllThreads (Deoptimize)
Event: 3.661 Executing VM operation: HandshakeAllThreads (Deoptimize) done
Event: 3.787 Executing VM operation: ICBufferFull
Event: 3.788 Executing VM operation: ICBufferFull done
Event: 3.843 Executing VM operation: HandshakeAllThreads (Deoptimize)
Event: 3.843 Executing VM operation: HandshakeAllThreads (Deoptimize) done
Event: 4.040 Executing VM operation: HandshakeAllThreads (Deoptimize)
Event: 4.040 Executing VM operation: HandshakeAllThreads (Deoptimize) done
Event: 4.585 Executing VM operation: HandshakeAllThreads (Deoptimize)
Event: 4.585 Executing VM operation: HandshakeAllThreads (Deoptimize) done
Event: 4.879 Executing VM operation: ICBufferFull
Event: 4.879 Executing VM operation: ICBufferFull done
Event: 5.242 Executing VM operation: HandshakeAllThreads (Deoptimize)
Event: 5.242 Executing VM operation: HandshakeAllThreads (Deoptimize) done
Event: 5.243 Executing VM operation: HandshakeAllThreads (Deoptimize)
Event: 5.243 Executing VM operation: HandshakeAllThreads (Deoptimize) done
Event: 5.413 Executing VM operation: G1CollectForAllocation (G1 Evacuation Pause)
Event: 5.422 Executing VM operation: G1CollectForAllocation (G1 Evacuation Pause) done
Event: 6.424 Executing VM operation: Cleanup

Memory protections (0 events):
No events

Nmethod flushes (0 events):
No events

Events (20 events):
Event: 1.386 Thread 0x0000029f9ea47a00 Thread added: 0x0000029f9ee0f310
Event: 2.459 Thread 0x0000029f9ee0f310 Thread exited: 0x0000029f9ee0f310
Event: 2.460 Thread 0x0000029f9ec98a40 Thread exited: 0x0000029f9ec98a40
Event: 3.223 Thread 0x0000029f9ea521f0 Thread added: 0x0000029fe4b7f7d0
Event: 3.379 Thread 0x0000029fffdc9260 Thread added: 0x0000029fe4a33c80
Event: 3.780 Thread 0x0000029fffdc9260 Thread added: 0x0000029fe5a6a730
Event: 3.957 Thread 0x0000029fe4b7f7d0 Thread exited: 0x0000029fe4b7f7d0
Event: 4.001 Thread 0x0000029fffdc9260 Thread added: 0x0000029fe4b7f7d0
Event: 4.088 Thread 0x0000029fe5a6a730 Thread added: 0x0000029fe5982640
Event: 4.092 Thread 0x0000029fe5982640 Thread added: 0x0000029fe5982ca0
Event: 4.164 Thread 0x0000029fe5982640 Thread added: 0x0000029fe5babce0
Event: 4.172 Thread 0x0000029fe5982640 Thread added: 0x0000029fe5baabb0
Event: 4.185 Thread 0x0000029fe5baabb0 Thread added: 0x0000029fe5a50d90
Event: 4.193 Thread 0x0000029fe5baabb0 Thread added: 0x0000029fe5b1e3b0
Event: 4.196 Thread 0x0000029fe5baabb0 Thread added: 0x0000029fe5b1d000
Event: 4.586 Thread 0x0000029fe5baabb0 Thread added: 0x0000029fe5b1c970
Event: 4.609 Thread 0x0000029fe5baabb0 Thread added: 0x0000029fe5b1ea40
Event: 4.883 Thread 0x0000029fe5baabb0 Thread added: 0x0000029fe5b1c2e0
Event: 5.152 Thread 0x0000029f9ea521f0 Thread added: 0x0000029fe5cf2250
Event: 5.494 Thread 0x0000029fe5b1ea40 Thread added: 0x0000029fe5b1d690


Dynamic libraries:
0x00007ff6b7bf0000 - 0x00007ff6b7bfe000 	c:\Users\Saumil1103\AppData\Roaming\Code\User\globalStorage\pleiades.java-extension-pack-jdk\java\21\bin\java.exe
0x00007ff8131e0000 - 0x00007ff813440000 	C:\WINDOWS\SYSTEM32\ntdll.dll
0x00007ff8123d0000 - 0x00007ff812497000 	C:\WINDOWS\System32\KERNEL32.DLL
0x00007ff8103c0000 - 0x00007ff81078a000 	C:\WINDOWS\System32\KERNELBASE.dll
0x00007ff80d460000 - 0x00007ff80d4fc000 	C:\WINDOWS\SYSTEM32\apphelp.dll
0x00007ff810b40000 - 0x00007ff810c8b000 	C:\WINDOWS\System32\ucrtbase.dll
0x00007fffedc80000 - 0x00007fffedc9e000 	c:\Users\Saumil1103\AppData\Roaming\Code\User\globalStorage\pleiades.java-extension-pack-jdk\java\21\bin\VCRUNTIME140.dll
0x00007fffdcfc0000 - 0x00007fffdcfd8000 	c:\Users\Saumil1103\AppData\Roaming\Code\User\globalStorage\pleiades.java-extension-pack-jdk\java\21\bin\jli.dll
0x00007ff8115c0000 - 0x00007ff81178c000 	C:\WINDOWS\System32\USER32.dll
0x00007ffffd4a0000 - 0x00007ffffd737000 	C:\WINDOWS\WinSxS\amd64_microsoft.windows.common-controls_6595b64144ccf1df_6.0.26100.3624_none_3e086962e3345f24\COMCTL32.dll
0x00007ff812120000 - 0x00007ff8121c9000 	C:\WINDOWS\System32\msvcrt.dll
0x00007ff8109c0000 - 0x00007ff8109e7000 	C:\WINDOWS\System32\win32u.dll
0x00007ff811280000 - 0x00007ff8112aa000 	C:\WINDOWS\System32\GDI32.dll
0x00007ff810e10000 - 0x00007ff810f41000 	C:\WINDOWS\System32\gdi32full.dll
0x00007ff8109f0000 - 0x00007ff810a93000 	C:\WINDOWS\System32\msvcp_win.dll
0x00007ff812310000 - 0x00007ff81233f000 	C:\WINDOWS\System32\IMM32.DLL
0x00007ff807ea0000 - 0x00007ff807eac000 	c:\Users\Saumil1103\AppData\Roaming\Code\User\globalStorage\pleiades.java-extension-pack-jdk\java\21\bin\vcruntime140_1.dll
0x00007fffb19b0000 - 0x00007fffb1a3d000 	c:\Users\Saumil1103\AppData\Roaming\Code\User\globalStorage\pleiades.java-extension-pack-jdk\java\21\bin\msvcp140.dll
0x00007fffa2ab0000 - 0x00007fffa3840000 	c:\Users\Saumil1103\AppData\Roaming\Code\User\globalStorage\pleiades.java-extension-pack-jdk\java\21\bin\server\jvm.dll
0x00007ff8111c0000 - 0x00007ff811272000 	C:\WINDOWS\System32\ADVAPI32.dll
0x00007ff811810000 - 0x00007ff8118b6000 	C:\WINDOWS\System32\sechost.dll
0x00007ff8118c0000 - 0x00007ff8119d6000 	C:\WINDOWS\System32\RPCRT4.dll
0x00007ff812350000 - 0x00007ff8123c4000 	C:\WINDOWS\System32\WS2_32.dll
0x00007ff810230000 - 0x00007ff81028e000 	C:\WINDOWS\SYSTEM32\POWRPROF.dll
0x00007ff807b80000 - 0x00007ff807bb6000 	C:\WINDOWS\SYSTEM32\WINMM.dll
0x00007ff808380000 - 0x00007ff80838b000 	C:\WINDOWS\SYSTEM32\VERSION.dll
0x00007ff810210000 - 0x00007ff810224000 	C:\WINDOWS\SYSTEM32\UMPDC.dll
0x00007ff80f1b0000 - 0x00007ff80f1ca000 	C:\WINDOWS\SYSTEM32\kernel.appcore.dll
0x00007ff807e50000 - 0x00007ff807e5a000 	c:\Users\Saumil1103\AppData\Roaming\Code\User\globalStorage\pleiades.java-extension-pack-jdk\java\21\bin\jimage.dll
0x00007ff803940000 - 0x00007ff803b81000 	C:\WINDOWS\SYSTEM32\DBGHELP.DLL
0x00007ff812cb0000 - 0x00007ff813032000 	C:\WINDOWS\System32\combase.dll
0x00007ff812740000 - 0x00007ff812816000 	C:\WINDOWS\System32\OLEAUT32.dll
0x00007fffe9db0000 - 0x00007fffe9de9000 	C:\WINDOWS\SYSTEM32\dbgcore.DLL
0x00007ff810aa0000 - 0x00007ff810b39000 	C:\WINDOWS\System32\bcryptPrimitives.dll
0x00007ffff5b30000 - 0x00007ffff5b3f000 	c:\Users\Saumil1103\AppData\Roaming\Code\User\globalStorage\pleiades.java-extension-pack-jdk\java\21\bin\instrument.dll
0x00007fffd8950000 - 0x00007fffd896f000 	c:\Users\Saumil1103\AppData\Roaming\Code\User\globalStorage\pleiades.java-extension-pack-jdk\java\21\bin\java.dll
0x00007ff8119e0000 - 0x00007ff812109000 	C:\WINDOWS\System32\SHELL32.dll
0x00007ff810850000 - 0x00007ff8109b8000 	C:\WINDOWS\System32\wintypes.dll
0x00007ff80e040000 - 0x00007ff80e892000 	C:\WINDOWS\SYSTEM32\windows.storage.dll
0x00007ff8125c0000 - 0x00007ff8126ad000 	C:\WINDOWS\System32\SHCORE.dll
0x00007ff812550000 - 0x00007ff8125b4000 	C:\WINDOWS\System32\shlwapi.dll
0x00007ff8102d0000 - 0x00007ff8102ff000 	C:\WINDOWS\SYSTEM32\profapi.dll
0x00007fffb18d0000 - 0x00007fffb19a7000 	c:\Users\Saumil1103\AppData\Roaming\Code\User\globalStorage\pleiades.java-extension-pack-jdk\java\21\bin\jsvml.dll
0x00007fffd51e0000 - 0x00007fffd51f8000 	c:\Users\Saumil1103\AppData\Roaming\Code\User\globalStorage\pleiades.java-extension-pack-jdk\java\21\bin\zip.dll
0x00007ffff5a80000 - 0x00007ffff5a90000 	C:\Users\Saumil1103\AppData\Roaming\Code\User\globalStorage\pleiades.java-extension-pack-jdk\java\21\bin\net.dll
0x00007ff807f70000 - 0x00007ff80808d000 	C:\WINDOWS\SYSTEM32\WINHTTP.dll
0x00007ff80f6f0000 - 0x00007ff80f75a000 	C:\WINDOWS\system32\mswsock.dll
0x00007fffcdc40000 - 0x00007fffcdc56000 	C:\Users\Saumil1103\AppData\Roaming\Code\User\globalStorage\pleiades.java-extension-pack-jdk\java\21\bin\nio.dll
0x00007ffff5a00000 - 0x00007ffff5a10000 	c:\Users\Saumil1103\AppData\Roaming\Code\User\globalStorage\pleiades.java-extension-pack-jdk\java\21\bin\verify.dll
0x00007fffd2750000 - 0x00007fffd2777000 	C:\Users\Saumil1103\.gradle\native\c067742578af261105cb4f569cf0c3c89f3d7b1fecec35dd04571415982c5e48\windows-amd64\native-platform.dll
0x00007fffb0780000 - 0x00007fffb08c4000 	C:\Users\Saumil1103\.gradle\native\100fb08df4bc3b14c8652ba06237920a3bd2aa13389f12d3474272988ae205f9\windows-amd64\native-platform-file-events.dll
0x00007fffed4b0000 - 0x00007fffed4ba000 	C:\Users\Saumil1103\AppData\Roaming\Code\User\globalStorage\pleiades.java-extension-pack-jdk\java\21\bin\management.dll
0x00007fffed350000 - 0x00007fffed35b000 	C:\Users\Saumil1103\AppData\Roaming\Code\User\globalStorage\pleiades.java-extension-pack-jdk\java\21\bin\management_ext.dll
0x00007ff812110000 - 0x00007ff812118000 	C:\WINDOWS\System32\PSAPI.DLL
0x00007ff80f990000 - 0x00007ff80f9ac000 	C:\WINDOWS\SYSTEM32\CRYPTSP.dll
0x00007ff80f110000 - 0x00007ff80f14a000 	C:\WINDOWS\system32\rsaenh.dll
0x00007ff80f790000 - 0x00007ff80f7bb000 	C:\WINDOWS\SYSTEM32\USERENV.dll
0x00007ff8102a0000 - 0x00007ff8102c6000 	C:\WINDOWS\SYSTEM32\bcrypt.dll
0x00007ff80f9b0000 - 0x00007ff80f9bc000 	C:\WINDOWS\SYSTEM32\CRYPTBASE.dll
0x00007ff80ec00000 - 0x00007ff80ec33000 	C:\WINDOWS\SYSTEM32\IPHLPAPI.DLL
0x00007ff812700000 - 0x00007ff81270a000 	C:\WINDOWS\System32\NSI.dll
0x00007fffe0fa0000 - 0x00007fffe0fa9000 	C:\Users\Saumil1103\AppData\Roaming\Code\User\globalStorage\pleiades.java-extension-pack-jdk\java\21\bin\extnet.dll
0x00007fffdcfb0000 - 0x00007fffdcfbe000 	C:\Users\Saumil1103\AppData\Roaming\Code\User\globalStorage\pleiades.java-extension-pack-jdk\java\21\bin\sunmscapi.dll
0x00007ff810c90000 - 0x00007ff810e07000 	C:\WINDOWS\System32\CRYPT32.dll
0x00007ff80fb90000 - 0x00007ff80fbc0000 	C:\WINDOWS\SYSTEM32\ncrypt.dll
0x00007ff80fb40000 - 0x00007ff80fb7f000 	C:\WINDOWS\SYSTEM32\NTASN1.dll
0x00007fffd3a40000 - 0x00007fffd3a48000 	C:\WINDOWS\system32\wshunix.dll

dbghelp: loaded successfully - version: 4.0.5 - missing functions: none
symbol engine: initialized successfully - sym options: 0x614 - pdb path: .;c:\Users\Saumil1103\AppData\Roaming\Code\User\globalStorage\pleiades.java-extension-pack-jdk\java\21\bin;C:\WINDOWS\SYSTEM32;C:\WINDOWS\WinSxS\amd64_microsoft.windows.common-controls_6595b64144ccf1df_6.0.26100.3624_none_3e086962e3345f24;c:\Users\Saumil1103\AppData\Roaming\Code\User\globalStorage\pleiades.java-extension-pack-jdk\java\21\bin\server;C:\Users\Saumil1103\.gradle\native\c067742578af261105cb4f569cf0c3c89f3d7b1fecec35dd04571415982c5e48\windows-amd64;C:\Users\Saumil1103\.gradle\native\100fb08df4bc3b14c8652ba06237920a3bd2aa13389f12d3474272988ae205f9\windows-amd64

VM Arguments:
jvm_args: --add-opens=java.base/java.lang=ALL-UNNAMED --add-opens=java.base/java.lang.invoke=ALL-UNNAMED --add-opens=java.base/java.util=ALL-UNNAMED --add-opens=java.prefs/java.util.prefs=ALL-UNNAMED --add-exports=jdk.compiler/com.sun.tools.javac.api=ALL-UNNAMED --add-exports=jdk.compiler/com.sun.tools.javac.util=ALL-UNNAMED --add-opens=java.base/java.util=ALL-UNNAMED --add-opens=java.prefs/java.util.prefs=ALL-UNNAMED --add-opens=java.base/java.nio.charset=ALL-UNNAMED --add-opens=java.base/java.net=ALL-UNNAMED --add-opens=java.base/java.util.concurrent.atomic=ALL-UNNAMED --add-opens=java.xml/javax.xml.namespace=ALL-UNNAMED -Xmx2048m -Dfile.encoding=UTF-8 -Duser.country=IN -Duser.language=en -Duser.variant -javaagent:C:\Users\Saumil1103\.gradle\wrapper\dists\gradle-8.11.1-bin\bpt9gzteqjrbo1mjrsomdt32c\gradle-8.11.1\lib\agents\gradle-instrumentation-agent-8.11.1.jar 
java_command: org.gradle.launcher.daemon.bootstrap.GradleDaemon 8.11.1
java_class_path (initial): C:\Users\Saumil1103\.gradle\wrapper\dists\gradle-8.11.1-bin\bpt9gzteqjrbo1mjrsomdt32c\gradle-8.11.1\lib\gradle-daemon-main-8.11.1.jar
Launcher Type: SUN_STANDARD

[Global flags]
     intx CICompilerCount                          = 4                                         {product} {ergonomic}
     uint ConcGCThreads                            = 3                                         {product} {ergonomic}
     uint G1ConcRefinementThreads                  = 10                                        {product} {ergonomic}
   size_t G1HeapRegionSize                         = 1048576                                   {product} {ergonomic}
    uintx GCDrainStackTargetSize                   = 64                                        {product} {ergonomic}
   size_t InitialHeapSize                          = 123731968                                 {product} {ergonomic}
   size_t MarkStackSize                            = 4194304                                   {product} {ergonomic}
   size_t MaxHeapSize                              = 2147483648                                {product} {command line}
   size_t MaxNewSize                               = 1287651328                                {product} {ergonomic}
   size_t MinHeapDeltaBytes                        = 1048576                                   {product} {ergonomic}
   size_t MinHeapSize                              = 8388608                                   {product} {ergonomic}
    uintx NonNMethodCodeHeapSize                   = 5839372                                {pd product} {ergonomic}
    uintx NonProfiledCodeHeapSize                  = 122909434                              {pd product} {ergonomic}
    uintx ProfiledCodeHeapSize                     = 122909434                              {pd product} {ergonomic}
    uintx ReservedCodeCacheSize                    = 251658240                              {pd product} {ergonomic}
     bool SegmentedCodeCache                       = true                                      {product} {ergonomic}
   size_t SoftMaxHeapSize                          = 2147483648                             {manageable} {ergonomic}
     bool UseCompressedOops                        = true                           {product lp64_product} {ergonomic}
     bool UseG1GC                                  = true                                      {product} {ergonomic}
     bool UseLargePagesIndividualAllocation        = false                                  {pd product} {ergonomic}

Logging:
Log output configuration:
 #0: stdout all=warning uptime,level,tags foldmultilines=false
 #1: stderr all=off uptime,level,tags foldmultilines=false

Environment Variables:
PATH=c:\Users\Saumil1103\AppData\Local\Programs\cursor\resources\app\bin;C:\Users\Saumil1103\AppData\Local\Chromium\Application;C:\Program Files\ARX-3.9.1\bin;C:\Program Files\Microsoft SDKs\Azure\CLI2\wbin;C:\Python312\Scripts\;C:\Python312\;C:\Program Files\Common Files\Oracle\Java\javapath;C:\ProgramData\Oracle\Java\javapath;C:\windows\system32;C:\windows;C:\windows\System32\Wbem;C:\windows\System32\WindowsPowerShell\v1.0\;C:\windows\System32\OpenSSH\;C:\Program Files\NVIDIA Corporation\NVIDIA NvDLISR;C:\WINDOWS\system32;C:\WINDOWS;C:\WINDOWS\System32\Wbem;C:\WINDOWS\System32\WindowsPowerShell\v1.0\;C:\WINDOWS\System32\OpenSSH\;C:\Program Files\Microsoft SQL Server\Client SDK\ODBC\170\Tools\Binn\;C:\Program Files (x86)\Microsoft SQL Server\150\Tools\Binn\;C:\Program Files\Microsoft SQL Server\150\Tools\Binn\;C:\Program Files\Microsoft SQL Server\150\DTS\Binn\;C:\Program Files (x86)\Windows Kits\8.1\Windows Performance Toolkit\;C:\Program Files\dotnet\;C:\Program Files\nodejs\;C:\ProgramData\chocolatey\bin;C:\Pr;C:\msys64\home\Saumil1103\.splashkit;C:\msys64\home\Saumil1103\.splashkit\lib\win64;C:\msys64\home\Saumil1103\.splashkit\lib;C:\Windows\System32;C:\Windows;C:\Windows\System32\Wbem;C:\Windows\System32\WindowsPowerShell\v1.0\;C:\Users\Saumil1103\.dotnet\tools;S:\Microsoft VS Code\bin;C:\Users\Saumil1103\AppData\Roaming\npm;C:\Users\Saumil1103\AppData\Local\GitHubDesktop\bin;C:\Users\Saumil1103\AppData\Local\Microsoft\WindowsApps;C:\Users\Saumil1103\AppData\Local\Programs\cursor\resources\app\bin
USERNAME=Saumil1103
OS=Windows_NT
PROCESSOR_IDENTIFIER=AMD64 Family 25 Model 80 Stepping 0, AuthenticAMD
TMP=C:\Users\SAUMIL~1\AppData\Local\Temp
TEMP=C:\Users\SAUMIL~1\AppData\Local\Temp




Periodic native trim disabled

---------------  S Y S T E M  ---------------

OS:
 Windows 11 , 64 bit Build 26100 (10.0.26100.3775)
OS uptime: 2 days 6:21 hours
Hyper-V role detected

CPU: total 12 (initial active 12) (12 cores per cpu, 2 threads per core) family 25 model 80 stepping 0 microcode 0xa50000d, cx8, cmov, fxsr, ht, mmx, 3dnowpref, sse, sse2, sse3, ssse3, sse4a, sse4.1, sse4.2, popcnt, lzcnt, tsc, tscinvbit, avx, avx2, aes, erms, clmul, bmi1, bmi2, adx, sha, fma, vzeroupper, clflush, clflushopt, hv, rdtscp, rdpid, fsrm, f16c, cet_ss
Processor Information for processor 0
  Max Mhz: 3301, Current Mhz: 2011, Mhz Limit: 3301
Processor Information for processor 1
  Max Mhz: 3301, Current Mhz: 3301, Mhz Limit: 3301
Processor Information for processor 2
  Max Mhz: 3301, Current Mhz: 3301, Mhz Limit: 3301
Processor Information for processor 3
  Max Mhz: 3301, Current Mhz: 3301, Mhz Limit: 3301
Processor Information for processor 4
  Max Mhz: 3301, Current Mhz: 3301, Mhz Limit: 3301
Processor Information for processor 5
  Max Mhz: 3301, Current Mhz: 3301, Mhz Limit: 3301
Processor Information for processor 6
  Max Mhz: 3301, Current Mhz: 3301, Mhz Limit: 3301
Processor Information for processor 7
  Max Mhz: 3301, Current Mhz: 3301, Mhz Limit: 3301
Processor Information for processor 8
  Max Mhz: 3301, Current Mhz: 3301, Mhz Limit: 3301
Processor Information for processor 9
  Max Mhz: 3301, Current Mhz: 3301, Mhz Limit: 3301
Processor Information for processor 10
  Max Mhz: 3301, Current Mhz: 3301, Mhz Limit: 3301
Processor Information for processor 11
  Max Mhz: 3301, Current Mhz: 3301, Mhz Limit: 3301

Memory: 4k page, system-wide physical 7521M (735M free)
TotalPageFile size 22881M (AvailPageFile size 19M)
current process WorkingSet (physical memory assigned to process): 214M, peak: 228M
current process commit charge ("private bytes"): 290M, peak: 303M

vm_info: OpenJDK 64-Bit Server VM (21.0.6+7-LTS) for windows-amd64 JRE (21.0.6+7-LTS), built on 2025-01-21T00:00:00Z by "admin" with MS VC++ 17.7 (VS2022)

END.
