#
# There is insufficient memory for the Java Runtime Environment to continue.
# Native memory allocation (malloc) failed to allocate 1586832 bytes. Error detail: Chunk::new
# Possible reasons:
#   The system is out of physical RAM or swap space
#   This process is running with CompressedOops enabled, and the Java Heap may be blocking the growth of the native heap
# Possible solutions:
#   Reduce memory load on the system
#   Increase physical memory or swap space
#   Check if swap backing store is full
#   Decrease Java heap size (-Xmx/-Xms)
#   Decrease number of Java threads
#   Decrease Java thread stack sizes (-Xss)
#   Set larger code cache with -XX:ReservedCodeCacheSize=
#   JVM is running with Unscaled Compressed Oops mode in which the Java heap is
#     placed in the first 4GB address space. The Java Heap base address is the
#     maximum limit for the native heap growth. Please use -XX:HeapBaseMinAddress
#     to set the Java Heap base and to place the Java Heap above 4GB virtual address.
# This output file may be truncated or incomplete.
#
#  Out of Memory Error (arena.cpp:168), pid=21816, tid=24348
#
# JRE version: OpenJDK Runtime Environment Temurin-21.0.6+7 (21.0.6+7) (build 21.0.6+7-LTS)
# Java VM: OpenJDK 64-Bit Server VM Temurin-21.0.6+7 (21.0.6+7-LTS, mixed mode, sharing, tiered, compressed oops, compressed class ptrs, g1 gc, windows-amd64)
# No core dump will be written. Minidumps are not enabled by default on client versions of Windows
#

---------------  S U M M A R Y ------------

Command Line: --add-opens=java.base/java.lang=ALL-UNNAMED --add-opens=java.base/java.lang.invoke=ALL-UNNAMED --add-opens=java.base/java.util=ALL-UNNAMED --add-opens=java.prefs/java.util.prefs=ALL-UNNAMED --add-exports=jdk.compiler/com.sun.tools.javac.api=ALL-UNNAMED --add-exports=jdk.compiler/com.sun.tools.javac.util=ALL-UNNAMED --add-opens=java.base/java.util=ALL-UNNAMED --add-opens=java.prefs/java.util.prefs=ALL-UNNAMED --add-opens=java.base/java.nio.charset=ALL-UNNAMED --add-opens=java.base/java.net=ALL-UNNAMED --add-opens=java.base/java.util.concurrent.atomic=ALL-UNNAMED --add-opens=java.xml/javax.xml.namespace=ALL-UNNAMED -Xmx2048m -Dfile.encoding=UTF-8 -Duser.country=IN -Duser.language=en -Duser.variant -javaagent:C:\Users\Saumil1103\.gradle\wrapper\dists\gradle-8.11.1-bin\bpt9gzteqjrbo1mjrsomdt32c\gradle-8.11.1\lib\agents\gradle-instrumentation-agent-8.11.1.jar org.gradle.launcher.daemon.bootstrap.GradleDaemon 8.11.1

Host: AMD Ryzen 5 5600H with Radeon Graphics         , 12 cores, 7G,  Windows 11 , 64 bit Build 26100 (10.0.26100.3775)
Time: Mon Apr 28 19:30:20 2025 AUS Eastern Standard Time elapsed time: 8.976847 seconds (0d 0h 0m 8s)

---------------  T H R E A D  ---------------

Current thread (0x0000021efe54d140):  JavaThread "C2 CompilerThread0" daemon [_thread_in_native, id=24348, stack(0x000000beaab00000,0x000000beaac00000) (1024K)]


Current CompileTask:
C2:8976 3900   !   4       java.net.URLClassLoader$1::run (81 bytes)

Stack: [0x000000beaab00000,0x000000beaac00000]
Native frames: (J=compiled Java code, j=interpreted, Vv=VM code, C=native code)
V  [jvm.dll+0x6cdee9]
V  [jvm.dll+0x8a83d1]
V  [jvm.dll+0x8aa8fe]
V  [jvm.dll+0x8aafe3]
V  [jvm.dll+0x27f706]
V  [jvm.dll+0xc500d]
V  [jvm.dll+0xc5543]
V  [jvm.dll+0x3b678c]
V  [jvm.dll+0x1e0009]
V  [jvm.dll+0x247b42]
V  [jvm.dll+0x246fcf]
V  [jvm.dll+0x1c75ee]
V  [jvm.dll+0x25685a]
V  [jvm.dll+0x254dfa]
V  [jvm.dll+0x3f0256]
V  [jvm.dll+0x851f8b]
V  [jvm.dll+0x6cc5ed]
C  [ucrtbase.dll+0x37b0]
C  [KERNEL32.DLL+0x2e8d7]
C  [ntdll.dll+0xb14fc]


---------------  P R O C E S S  ---------------

Threads class SMR info:
_java_thread_list=0x0000021ed7e0d030, length=37, elements={
0x0000021ef2d11dc0, 0x0000021efe5349d0, 0x0000021efe535ba0, 0x0000021efe537590,
0x0000021efe537d20, 0x0000021efe546f20, 0x0000021efe547700, 0x0000021efe54d140,
0x0000021efe54d910, 0x0000021efe548ab0, 0x0000021efe54a4f0, 0x0000021efe549140,
0x0000021efe549e60, 0x0000021efe54ab80, 0x0000021efe5497d0, 0x0000021efe547d90,
0x0000021efe548420, 0x0000021ed6f342a0, 0x0000021ed6f36a00, 0x0000021ed6f35ce0,
0x0000021ed6f37090, 0x0000021ed6f37720, 0x0000021ed6f36370, 0x0000021ed6f35650,
0x0000021ed6f34930, 0x0000021ed7bda810, 0x0000021ed6f37db0, 0x0000021ed6f38440,
0x0000021ed6f34fc0, 0x0000021ed6f397f0, 0x0000021ed6f38ad0, 0x0000021ed6f3a510,
0x0000021ed6f39160, 0x0000021ed6f3b8c0, 0x0000021ed6f3aba0, 0x0000021ed6f39e80,
0x0000021ed8201d60
}

Java Threads: ( => current thread )
  0x0000021ef2d11dc0 JavaThread "main"                              [_thread_blocked, id=27384, stack(0x000000bea9d00000,0x000000bea9e00000) (1024K)]
  0x0000021efe5349d0 JavaThread "Reference Handler"          daemon [_thread_blocked, id=16244, stack(0x000000beaa500000,0x000000beaa600000) (1024K)]
  0x0000021efe535ba0 JavaThread "Finalizer"                  daemon [_thread_blocked, id=21696, stack(0x000000beaa600000,0x000000beaa700000) (1024K)]
  0x0000021efe537590 JavaThread "Signal Dispatcher"          daemon [_thread_blocked, id=8420, stack(0x000000beaa700000,0x000000beaa800000) (1024K)]
  0x0000021efe537d20 JavaThread "Attach Listener"            daemon [_thread_blocked, id=20008, stack(0x000000beaa800000,0x000000beaa900000) (1024K)]
  0x0000021efe546f20 JavaThread "Service Thread"             daemon [_thread_blocked, id=26132, stack(0x000000beaa900000,0x000000beaaa00000) (1024K)]
  0x0000021efe547700 JavaThread "Monitor Deflation Thread"   daemon [_thread_blocked, id=19988, stack(0x000000beaaa00000,0x000000beaab00000) (1024K)]
=>0x0000021efe54d140 JavaThread "C2 CompilerThread0"         daemon [_thread_in_native, id=24348, stack(0x000000beaab00000,0x000000beaac00000) (1024K)]
  0x0000021efe54d910 JavaThread "C1 CompilerThread0"         daemon [_thread_blocked, id=14872, stack(0x000000beaac00000,0x000000beaad00000) (1024K)]
  0x0000021efe548ab0 JavaThread "Common-Cleaner"             daemon [_thread_blocked, id=15648, stack(0x000000beaad00000,0x000000beaae00000) (1024K)]
  0x0000021efe54a4f0 JavaThread "Notification Thread"        daemon [_thread_blocked, id=16144, stack(0x000000beaae00000,0x000000beaaf00000) (1024K)]
  0x0000021efe549140 JavaThread "Daemon health stats"               [_thread_blocked, id=13580, stack(0x000000beab500000,0x000000beab600000) (1024K)]
  0x0000021efe549e60 JavaThread "Incoming local TCP Connector on port 61219"        [_thread_in_native, id=15168, stack(0x000000beab600000,0x000000beab700000) (1024K)]
  0x0000021efe54ab80 JavaThread "Daemon periodic checks"            [_thread_blocked, id=20140, stack(0x000000beaaf00000,0x000000beab000000) (1024K)]
  0x0000021efe5497d0 JavaThread "Daemon"                            [_thread_blocked, id=22420, stack(0x000000beab700000,0x000000beab800000) (1024K)]
  0x0000021efe547d90 JavaThread "Handler for socket connection from /127.0.0.1:61219 to /127.0.0.1:61223"        [_thread_in_native, id=14448, stack(0x000000beab800000,0x000000beab900000) (1024K)]
  0x0000021efe548420 JavaThread "Cancel handler"                    [_thread_blocked, id=8044, stack(0x000000beab900000,0x000000beaba00000) (1024K)]
  0x0000021ed6f342a0 JavaThread "Daemon worker"                     [_thread_in_native, id=20540, stack(0x000000beaba00000,0x000000beabb00000) (1024K)]
  0x0000021ed6f36a00 JavaThread "Asynchronous log dispatcher for DefaultDaemonConnection: socket connection from /127.0.0.1:61219 to /127.0.0.1:61223"        [_thread_blocked, id=19196, stack(0x000000beabb00000,0x000000beabc00000) (1024K)]
  0x0000021ed6f35ce0 JavaThread "Stdin handler"                     [_thread_blocked, id=27552, stack(0x000000beabc00000,0x000000beabd00000) (1024K)]
  0x0000021ed6f37090 JavaThread "Daemon client event forwarder"        [_thread_blocked, id=15160, stack(0x000000beabd00000,0x000000beabe00000) (1024K)]
  0x0000021ed6f37720 JavaThread "Cache worker for journal cache (C:\Users\Saumil1103\.gradle\caches\journal-1)"        [_thread_in_native, id=3048, stack(0x000000beabe00000,0x000000beabf00000) (1024K)]
  0x0000021ed6f36370 JavaThread "File lock request listener"        [_thread_in_native, id=26584, stack(0x000000beabf00000,0x000000beac000000) (1024K)]
  0x0000021ed6f35650 JavaThread "Cache worker for file hash cache (C:\Users\Saumil1103\.gradle\caches\8.11.1\fileHashes)"        [_thread_blocked, id=26468, stack(0x000000beac000000,0x000000beac100000) (1024K)]
  0x0000021ed6f34930 JavaThread "File lock release action executor"        [_thread_blocked, id=18396, stack(0x000000beac100000,0x000000beac200000) (1024K)]
  0x0000021ed7bda810 JavaThread "C2 CompilerThread1"         daemon [_thread_in_native, id=15180, stack(0x000000beac200000,0x000000beac300000) (1024K)]
  0x0000021ed6f37db0 JavaThread "Cache worker for file content cache (C:\Users\Saumil1103\.gradle\caches\8.11.1\fileContent)"        [_thread_blocked, id=11656, stack(0x000000beac700000,0x000000beac800000) (1024K)]
  0x0000021ed6f38440 JavaThread "Cache worker for file hash cache (C:\Users\Saumil1103\AndroidStudioProjects\SIT708_Task5_1_2\.gradle\8.11.1\fileHashes)"        [_thread_blocked, id=23348, stack(0x000000beaca00000,0x000000beacb00000) (1024K)]
  0x0000021ed6f34fc0 JavaThread "Cache worker for Build Output Cleanup Cache (C:\Users\Saumil1103\AndroidStudioProjects\SIT708_Task5_1_2\.gradle\buildOutputCleanup)"        [_thread_blocked, id=4616, stack(0x000000beacb00000,0x000000beacc00000) (1024K)]
  0x0000021ed6f397f0 JavaThread "File watcher server"        daemon [_thread_in_native, id=20984, stack(0x000000beacc00000,0x000000beacd00000) (1024K)]
  0x0000021ed6f38ad0 JavaThread "File watcher consumer"      daemon [_thread_blocked, id=21784, stack(0x000000beacd00000,0x000000beace00000) (1024K)]
  0x0000021ed6f3a510 JavaThread "Cache worker for checksums cache (C:\Users\Saumil1103\AndroidStudioProjects\SIT708_Task5_1_2\.gradle\8.11.1\checksums)"        [_thread_blocked, id=11340, stack(0x000000beace00000,0x000000beacf00000) (1024K)]
  0x0000021ed6f39160 JavaThread "Cache worker for cache directory md-rule (C:\Users\Saumil1103\.gradle\caches\8.11.1\md-rule)"        [_thread_blocked, id=7848, stack(0x000000beacf00000,0x000000bead000000) (1024K)]
  0x0000021ed6f3b8c0 JavaThread "Cache worker for cache directory md-supplier (C:\Users\Saumil1103\.gradle\caches\8.11.1\md-supplier)"        [_thread_blocked, id=17052, stack(0x000000bead000000,0x000000bead100000) (1024K)]
  0x0000021ed6f3aba0 JavaThread "jar transforms"                    [_thread_blocked, id=15504, stack(0x000000bead100000,0x000000bead200000) (1024K)]
  0x0000021ed6f39e80 JavaThread "jar transforms Thread 2"           [_thread_blocked, id=24308, stack(0x000000bead200000,0x000000bead300000) (1024K)]
  0x0000021ed8201d60 JavaThread "jar transforms Thread 3"           [_thread_blocked, id=27312, stack(0x000000bead300000,0x000000bead400000) (1024K)]
Total: 37

Other Threads:
  0x0000021efe513f70 VMThread "VM Thread"                           [id=25368, stack(0x000000beaa400000,0x000000beaa500000) (1024K)]
  0x0000021efe504720 WatcherThread "VM Periodic Task Thread"        [id=4064, stack(0x000000beaa300000,0x000000beaa400000) (1024K)]
  0x0000021ef2d68e40 WorkerThread "GC Thread#0"                     [id=21176, stack(0x000000bea9e00000,0x000000bea9f00000) (1024K)]
  0x0000021eff45bbf0 WorkerThread "GC Thread#1"                     [id=13936, stack(0x000000beab000000,0x000000beab100000) (1024K)]
  0x0000021eff33efd0 WorkerThread "GC Thread#2"                     [id=13092, stack(0x000000beab100000,0x000000beab200000) (1024K)]
  0x0000021eff33f370 WorkerThread "GC Thread#3"                     [id=3008, stack(0x000000beab200000,0x000000beab300000) (1024K)]
  0x0000021ed68209f0 WorkerThread "GC Thread#4"                     [id=21160, stack(0x000000beab300000,0x000000beab400000) (1024K)]
  0x0000021ed702cab0 WorkerThread "GC Thread#5"                     [id=23956, stack(0x000000beab400000,0x000000beab500000) (1024K)]
  0x0000021ed849ccf0 WorkerThread "GC Thread#6"                     [id=11320, stack(0x000000beac300000,0x000000beac400000) (1024K)]
  0x0000021ed849d090 WorkerThread "GC Thread#7"                     [id=2488, stack(0x000000beac400000,0x000000beac500000) (1024K)]
  0x0000021ed8170680 WorkerThread "GC Thread#8"                     [id=23308, stack(0x000000beac500000,0x000000beac600000) (1024K)]
  0x0000021ed8a22430 WorkerThread "GC Thread#9"                     [id=25904, stack(0x000000beac600000,0x000000beac700000) (1024K)]
  0x0000021ef2d79c30 ConcurrentGCThread "G1 Main Marker"            [id=10868, stack(0x000000bea9f00000,0x000000beaa000000) (1024K)]
  0x0000021ef2d7c270 WorkerThread "G1 Conc#0"                       [id=24924, stack(0x000000beaa000000,0x000000beaa100000) (1024K)]
  0x0000021ed8a22b70 WorkerThread "G1 Conc#1"                       [id=21452, stack(0x000000beac800000,0x000000beac900000) (1024K)]
  0x0000021ed8a21cf0 WorkerThread "G1 Conc#2"                       [id=18376, stack(0x000000beac900000,0x000000beaca00000) (1024K)]
  0x0000021efe3d50b0 ConcurrentGCThread "G1 Refine#0"               [id=19964, stack(0x000000beaa100000,0x000000beaa200000) (1024K)]
  0x0000021efe3d74f0 ConcurrentGCThread "G1 Service"                [id=12956, stack(0x000000beaa200000,0x000000beaa300000) (1024K)]
Total: 18

Threads with active compile tasks:
C2 CompilerThread0  8998 3900   !   4       java.net.URLClassLoader$1::run (81 bytes)
C2 CompilerThread1  8998 3904       4       java.util.zip.ZipFile::getZipEntry (322 bytes)
Total: 2

VM state: not at safepoint (normal execution)

VM Mutex/Monitor currently owned by a thread: None

Heap address: 0x0000000080000000, size: 2048 MB, Compressed Oops mode: 32-bit

CDS archive(s) mapped at: [0x0000021e91000000-0x0000021e91c80000-0x0000021e91c80000), size 13107200, SharedBaseAddress: 0x0000021e91000000, ArchiveRelocationMode: 1.
Compressed class space mapped at: 0x0000021e92000000-0x0000021ed2000000, reserved size: 1073741824
Narrow klass base: 0x0000021e91000000, Narrow klass shift: 0, Narrow klass range: 0x100000000

GC Precious Log:
 CardTable entry size: 512
 Card Set container configuration: InlinePtr #cards 5 size 8 Array Of Cards #cards 12 size 40 Howl #buckets 4 coarsen threshold 1843 Howl Bitmap #cards 512 size 80 coarsen threshold 460 Card regions per heap region 1 cards per card region 2048
 CPUs: 12 total, 12 available
 Memory: 7521M
 Large Page Support: Disabled
 NUMA Support: Disabled
 Compressed Oops: Enabled (32-bit)
 Heap Region Size: 1M
 Heap Min Capacity: 8M
 Heap Initial Capacity: 118M
 Heap Max Capacity: 2G
 Pre-touch: Disabled
 Parallel Workers: 10
 Concurrent Workers: 3
 Concurrent Refinement Workers: 10
 Periodic GC: Disabled

Heap:
 garbage-first heap   total 116736K, used 49682K [0x0000000080000000, 0x0000000100000000)
  region size 1024K, 21 young (21504K), 7 survivors (7168K)
 Metaspace       used 39871K, committed 41280K, reserved 1114112K
  class space    used 5590K, committed 6272K, reserved 1048576K

Heap Regions: E=young(eden), S=young(survivor), O=old, HS=humongous(starts), HC=humongous(continues), CS=collection set, F=free, TAMS=top-at-mark-start, PB=parsable bottom
|   0|0x0000000080000000, 0x0000000080100000, 0x0000000080100000|100%| O|  |TAMS 0x0000000080000000| PB 0x0000000080000000| Untracked 
|   1|0x0000000080100000, 0x0000000080200000, 0x0000000080200000|100%|HS|  |TAMS 0x0000000080100000| PB 0x0000000080100000| Complete 
|   2|0x0000000080200000, 0x0000000080300000, 0x0000000080300000|100%|HC|  |TAMS 0x0000000080200000| PB 0x0000000080200000| Complete 
|   3|0x0000000080300000, 0x0000000080400000, 0x0000000080400000|100%|HC|  |TAMS 0x0000000080300000| PB 0x0000000080300000| Complete 
|   4|0x0000000080400000, 0x0000000080500000, 0x0000000080500000|100%| O|  |TAMS 0x0000000080400000| PB 0x0000000080400000| Untracked 
|   5|0x0000000080500000, 0x0000000080600000, 0x0000000080600000|100%| O|  |TAMS 0x0000000080500000| PB 0x0000000080500000| Untracked 
|   6|0x0000000080600000, 0x0000000080700000, 0x0000000080700000|100%| O|  |TAMS 0x0000000080600000| PB 0x0000000080600000| Untracked 
|   7|0x0000000080700000, 0x0000000080800000, 0x0000000080800000|100%|HS|  |TAMS 0x0000000080700000| PB 0x0000000080700000| Complete 
|   8|0x0000000080800000, 0x0000000080900000, 0x0000000080900000|100%| O|  |TAMS 0x0000000080800000| PB 0x0000000080800000| Untracked 
|   9|0x0000000080900000, 0x0000000080a00000, 0x0000000080a00000|100%| O|  |TAMS 0x0000000080900000| PB 0x0000000080900000| Untracked 
|  10|0x0000000080a00000, 0x0000000080b00000, 0x0000000080b00000|100%| O|  |TAMS 0x0000000080a00000| PB 0x0000000080a00000| Untracked 
|  11|0x0000000080b00000, 0x0000000080c00000, 0x0000000080c00000|100%| O|Cm|TAMS 0x0000000080b00000| PB 0x0000000080b00000| Complete 
|  12|0x0000000080c00000, 0x0000000080d00000, 0x0000000080d00000|100%| O|  |TAMS 0x0000000080c00000| PB 0x0000000080c00000| Untracked 
|  13|0x0000000080d00000, 0x0000000080e00000, 0x0000000080e00000|100%| O|  |TAMS 0x0000000080d00000| PB 0x0000000080d00000| Untracked 
|  14|0x0000000080e00000, 0x0000000080f00000, 0x0000000080f00000|100%| O|  |TAMS 0x0000000080e00000| PB 0x0000000080e00000| Untracked 
|  15|0x0000000080f00000, 0x0000000081000000, 0x0000000081000000|100%| O|  |TAMS 0x0000000080f00000| PB 0x0000000080f00000| Untracked 
|  16|0x0000000081000000, 0x0000000081100000, 0x0000000081100000|100%| O|  |TAMS 0x0000000081000000| PB 0x0000000081000000| Untracked 
|  17|0x0000000081100000, 0x0000000081200000, 0x0000000081200000|100%| O|  |TAMS 0x0000000081100000| PB 0x0000000081100000| Untracked 
|  18|0x0000000081200000, 0x0000000081300000, 0x0000000081300000|100%| O|  |TAMS 0x0000000081200000| PB 0x0000000081200000| Untracked 
|  19|0x0000000081300000, 0x0000000081400000, 0x0000000081400000|100%| O|  |TAMS 0x0000000081300000| PB 0x0000000081300000| Untracked 
|  20|0x0000000081400000, 0x0000000081500000, 0x0000000081500000|100%| O|  |TAMS 0x0000000081400000| PB 0x0000000081400000| Untracked 
|  21|0x0000000081500000, 0x0000000081600000, 0x0000000081600000|100%| O|  |TAMS 0x0000000081500000| PB 0x0000000081500000| Untracked 
|  22|0x0000000081600000, 0x0000000081700000, 0x0000000081700000|100%| O|  |TAMS 0x0000000081600000| PB 0x0000000081600000| Untracked 
|  23|0x0000000081700000, 0x0000000081700000, 0x0000000081800000|  0%| F|  |TAMS 0x0000000081700000| PB 0x0000000081700000| Untracked 
|  24|0x0000000081800000, 0x0000000081800000, 0x0000000081900000|  0%| F|  |TAMS 0x0000000081800000| PB 0x0000000081800000| Untracked 
|  25|0x0000000081900000, 0x0000000081900000, 0x0000000081a00000|  0%| F|  |TAMS 0x0000000081900000| PB 0x0000000081900000| Untracked 
|  26|0x0000000081a00000, 0x0000000081a00000, 0x0000000081b00000|  0%| F|  |TAMS 0x0000000081a00000| PB 0x0000000081a00000| Untracked 
|  27|0x0000000081b00000, 0x0000000081b00000, 0x0000000081c00000|  0%| F|  |TAMS 0x0000000081b00000| PB 0x0000000081b00000| Untracked 
|  28|0x0000000081c00000, 0x0000000081c84ab8, 0x0000000081d00000| 51%| O|  |TAMS 0x0000000081c00000| PB 0x0000000081c00000| Untracked 
|  29|0x0000000081d00000, 0x0000000081d00000, 0x0000000081e00000|  0%| F|  |TAMS 0x0000000081d00000| PB 0x0000000081d00000| Untracked 
|  30|0x0000000081e00000, 0x0000000081e00000, 0x0000000081f00000|  0%| F|  |TAMS 0x0000000081e00000| PB 0x0000000081e00000| Untracked 
|  31|0x0000000081f00000, 0x0000000081f00000, 0x0000000082000000|  0%| F|  |TAMS 0x0000000081f00000| PB 0x0000000081f00000| Untracked 
|  32|0x0000000082000000, 0x0000000082100000, 0x0000000082100000|100%| S|CS|TAMS 0x0000000082000000| PB 0x0000000082000000| Complete 
|  33|0x0000000082100000, 0x0000000082200000, 0x0000000082200000|100%| S|CS|TAMS 0x0000000082100000| PB 0x0000000082100000| Complete 
|  34|0x0000000082200000, 0x0000000082300000, 0x0000000082300000|100%| S|CS|TAMS 0x0000000082200000| PB 0x0000000082200000| Complete 
|  35|0x0000000082300000, 0x0000000082400000, 0x0000000082400000|100%| S|CS|TAMS 0x0000000082300000| PB 0x0000000082300000| Complete 
|  36|0x0000000082400000, 0x0000000082500000, 0x0000000082500000|100%| S|CS|TAMS 0x0000000082400000| PB 0x0000000082400000| Complete 
|  37|0x0000000082500000, 0x0000000082600000, 0x0000000082600000|100%| S|CS|TAMS 0x0000000082500000| PB 0x0000000082500000| Complete 
|  38|0x0000000082600000, 0x0000000082700000, 0x0000000082700000|100%| S|CS|TAMS 0x0000000082600000| PB 0x0000000082600000| Complete 
|  39|0x0000000082700000, 0x0000000082700000, 0x0000000082800000|  0%| F|  |TAMS 0x0000000082700000| PB 0x0000000082700000| Untracked 
|  40|0x0000000082800000, 0x0000000082800000, 0x0000000082900000|  0%| F|  |TAMS 0x0000000082800000| PB 0x0000000082800000| Untracked 
|  41|0x0000000082900000, 0x0000000082900000, 0x0000000082a00000|  0%| F|  |TAMS 0x0000000082900000| PB 0x0000000082900000| Untracked 
|  42|0x0000000082a00000, 0x0000000082a00000, 0x0000000082b00000|  0%| F|  |TAMS 0x0000000082a00000| PB 0x0000000082a00000| Untracked 
|  43|0x0000000082b00000, 0x0000000082b00000, 0x0000000082c00000|  0%| F|  |TAMS 0x0000000082b00000| PB 0x0000000082b00000| Untracked 
|  44|0x0000000082c00000, 0x0000000082c00000, 0x0000000082d00000|  0%| F|  |TAMS 0x0000000082c00000| PB 0x0000000082c00000| Untracked 
|  45|0x0000000082d00000, 0x0000000082d00000, 0x0000000082e00000|  0%| F|  |TAMS 0x0000000082d00000| PB 0x0000000082d00000| Untracked 
|  46|0x0000000082e00000, 0x0000000082e00000, 0x0000000082f00000|  0%| F|  |TAMS 0x0000000082e00000| PB 0x0000000082e00000| Untracked 
|  47|0x0000000082f00000, 0x0000000082f00000, 0x0000000083000000|  0%| F|  |TAMS 0x0000000082f00000| PB 0x0000000082f00000| Untracked 
|  48|0x0000000083000000, 0x0000000083000000, 0x0000000083100000|  0%| F|  |TAMS 0x0000000083000000| PB 0x0000000083000000| Untracked 
|  49|0x0000000083100000, 0x0000000083100000, 0x0000000083200000|  0%| F|  |TAMS 0x0000000083100000| PB 0x0000000083100000| Untracked 
|  50|0x0000000083200000, 0x0000000083200000, 0x0000000083300000|  0%| F|  |TAMS 0x0000000083200000| PB 0x0000000083200000| Untracked 
|  51|0x0000000083300000, 0x0000000083300000, 0x0000000083400000|  0%| F|  |TAMS 0x0000000083300000| PB 0x0000000083300000| Untracked 
|  52|0x0000000083400000, 0x0000000083400000, 0x0000000083500000|  0%| F|  |TAMS 0x0000000083400000| PB 0x0000000083400000| Untracked 
|  53|0x0000000083500000, 0x0000000083500000, 0x0000000083600000|  0%| F|  |TAMS 0x0000000083500000| PB 0x0000000083500000| Untracked 
|  54|0x0000000083600000, 0x0000000083600000, 0x0000000083700000|  0%| F|  |TAMS 0x0000000083600000| PB 0x0000000083600000| Untracked 
|  55|0x0000000083700000, 0x0000000083700000, 0x0000000083800000|  0%| F|  |TAMS 0x0000000083700000| PB 0x0000000083700000| Untracked 
|  56|0x0000000083800000, 0x0000000083800000, 0x0000000083900000|  0%| F|  |TAMS 0x0000000083800000| PB 0x0000000083800000| Untracked 
|  57|0x0000000083900000, 0x0000000083900000, 0x0000000083a00000|  0%| F|  |TAMS 0x0000000083900000| PB 0x0000000083900000| Untracked 
|  58|0x0000000083a00000, 0x0000000083a00000, 0x0000000083b00000|  0%| F|  |TAMS 0x0000000083a00000| PB 0x0000000083a00000| Untracked 
|  59|0x0000000083b00000, 0x0000000083b00000, 0x0000000083c00000|  0%| F|  |TAMS 0x0000000083b00000| PB 0x0000000083b00000| Untracked 
|  60|0x0000000083c00000, 0x0000000083c00000, 0x0000000083d00000|  0%| F|  |TAMS 0x0000000083c00000| PB 0x0000000083c00000| Untracked 
|  61|0x0000000083d00000, 0x0000000083d00000, 0x0000000083e00000|  0%| F|  |TAMS 0x0000000083d00000| PB 0x0000000083d00000| Untracked 
|  62|0x0000000083e00000, 0x0000000083e00000, 0x0000000083f00000|  0%| F|  |TAMS 0x0000000083e00000| PB 0x0000000083e00000| Untracked 
|  63|0x0000000083f00000, 0x0000000083f00000, 0x0000000084000000|  0%| F|  |TAMS 0x0000000083f00000| PB 0x0000000083f00000| Untracked 
|  64|0x0000000084000000, 0x0000000084000000, 0x0000000084100000|  0%| F|  |TAMS 0x0000000084000000| PB 0x0000000084000000| Untracked 
|  65|0x0000000084100000, 0x0000000084100000, 0x0000000084200000|  0%| F|  |TAMS 0x0000000084100000| PB 0x0000000084100000| Untracked 
|  66|0x0000000084200000, 0x0000000084200000, 0x0000000084300000|  0%| F|  |TAMS 0x0000000084200000| PB 0x0000000084200000| Untracked 
|  67|0x0000000084300000, 0x0000000084300000, 0x0000000084400000|  0%| F|  |TAMS 0x0000000084300000| PB 0x0000000084300000| Untracked 
|  68|0x0000000084400000, 0x0000000084400000, 0x0000000084500000|  0%| F|  |TAMS 0x0000000084400000| PB 0x0000000084400000| Untracked 
|  69|0x0000000084500000, 0x0000000084500000, 0x0000000084600000|  0%| F|  |TAMS 0x0000000084500000| PB 0x0000000084500000| Untracked 
|  70|0x0000000084600000, 0x0000000084600000, 0x0000000084700000|  0%| F|  |TAMS 0x0000000084600000| PB 0x0000000084600000| Untracked 
|  71|0x0000000084700000, 0x0000000084700000, 0x0000000084800000|  0%| F|  |TAMS 0x0000000084700000| PB 0x0000000084700000| Untracked 
|  72|0x0000000084800000, 0x0000000084800000, 0x0000000084900000|  0%| F|  |TAMS 0x0000000084800000| PB 0x0000000084800000| Untracked 
|  73|0x0000000084900000, 0x0000000084900000, 0x0000000084a00000|  0%| F|  |TAMS 0x0000000084900000| PB 0x0000000084900000| Untracked 
|  74|0x0000000084a00000, 0x0000000084a00000, 0x0000000084b00000|  0%| F|  |TAMS 0x0000000084a00000| PB 0x0000000084a00000| Untracked 
|  75|0x0000000084b00000, 0x0000000084b00000, 0x0000000084c00000|  0%| F|  |TAMS 0x0000000084b00000| PB 0x0000000084b00000| Untracked 
|  76|0x0000000084c00000, 0x0000000084c00000, 0x0000000084d00000|  0%| F|  |TAMS 0x0000000084c00000| PB 0x0000000084c00000| Untracked 
|  77|0x0000000084d00000, 0x0000000084d00000, 0x0000000084e00000|  0%| F|  |TAMS 0x0000000084d00000| PB 0x0000000084d00000| Untracked 
|  78|0x0000000084e00000, 0x0000000084e00000, 0x0000000084f00000|  0%| F|  |TAMS 0x0000000084e00000| PB 0x0000000084e00000| Untracked 
|  79|0x0000000084f00000, 0x0000000084f00000, 0x0000000085000000|  0%| F|  |TAMS 0x0000000084f00000| PB 0x0000000084f00000| Untracked 
|  80|0x0000000085000000, 0x0000000085000000, 0x0000000085100000|  0%| F|  |TAMS 0x0000000085000000| PB 0x0000000085000000| Untracked 
|  81|0x0000000085100000, 0x0000000085100000, 0x0000000085200000|  0%| F|  |TAMS 0x0000000085100000| PB 0x0000000085100000| Untracked 
|  82|0x0000000085200000, 0x0000000085200000, 0x0000000085300000|  0%| F|  |TAMS 0x0000000085200000| PB 0x0000000085200000| Untracked 
|  83|0x0000000085300000, 0x0000000085300000, 0x0000000085400000|  0%| F|  |TAMS 0x0000000085300000| PB 0x0000000085300000| Untracked 
|  84|0x0000000085400000, 0x0000000085400000, 0x0000000085500000|  0%| F|  |TAMS 0x0000000085400000| PB 0x0000000085400000| Untracked 
|  85|0x0000000085500000, 0x0000000085500000, 0x0000000085600000|  0%| F|  |TAMS 0x0000000085500000| PB 0x0000000085500000| Untracked 
|  86|0x0000000085600000, 0x0000000085600000, 0x0000000085700000|  0%| F|  |TAMS 0x0000000085600000| PB 0x0000000085600000| Untracked 
|  87|0x0000000085700000, 0x0000000085700000, 0x0000000085800000|  0%| F|  |TAMS 0x0000000085700000| PB 0x0000000085700000| Untracked 
|  88|0x0000000085800000, 0x0000000085800000, 0x0000000085900000|  0%| F|  |TAMS 0x0000000085800000| PB 0x0000000085800000| Untracked 
|  89|0x0000000085900000, 0x0000000085900000, 0x0000000085a00000|  0%| F|  |TAMS 0x0000000085900000| PB 0x0000000085900000| Untracked 
|  90|0x0000000085a00000, 0x0000000085a00000, 0x0000000085b00000|  0%| F|  |TAMS 0x0000000085a00000| PB 0x0000000085a00000| Untracked 
|  91|0x0000000085b00000, 0x0000000085b00000, 0x0000000085c00000|  0%| F|  |TAMS 0x0000000085b00000| PB 0x0000000085b00000| Untracked 
|  92|0x0000000085c00000, 0x0000000085c00000, 0x0000000085d00000|  0%| F|  |TAMS 0x0000000085c00000| PB 0x0000000085c00000| Untracked 
|  93|0x0000000085d00000, 0x0000000085d00000, 0x0000000085e00000|  0%| F|  |TAMS 0x0000000085d00000| PB 0x0000000085d00000| Untracked 
|  94|0x0000000085e00000, 0x0000000085e00000, 0x0000000085f00000|  0%| F|  |TAMS 0x0000000085e00000| PB 0x0000000085e00000| Untracked 
|  95|0x0000000085f00000, 0x0000000085f80000, 0x0000000086000000| 50%| E|  |TAMS 0x0000000085f00000| PB 0x0000000085f00000| Complete 
|  96|0x0000000086000000, 0x0000000086100000, 0x0000000086100000|100%| E|CS|TAMS 0x0000000086000000| PB 0x0000000086000000| Complete 
|  97|0x0000000086100000, 0x0000000086200000, 0x0000000086200000|100%| E|CS|TAMS 0x0000000086100000| PB 0x0000000086100000| Complete 
|  98|0x0000000086200000, 0x0000000086300000, 0x0000000086300000|100%| E|CS|TAMS 0x0000000086200000| PB 0x0000000086200000| Complete 
|  99|0x0000000086300000, 0x0000000086400000, 0x0000000086400000|100%| E|CS|TAMS 0x0000000086300000| PB 0x0000000086300000| Complete 
| 100|0x0000000086400000, 0x0000000086500000, 0x0000000086500000|100%| E|CS|TAMS 0x0000000086400000| PB 0x0000000086400000| Complete 
| 101|0x0000000086500000, 0x0000000086600000, 0x0000000086600000|100%| E|CS|TAMS 0x0000000086500000| PB 0x0000000086500000| Complete 
| 102|0x0000000086600000, 0x0000000086700000, 0x0000000086700000|100%| E|CS|TAMS 0x0000000086600000| PB 0x0000000086600000| Complete 
| 103|0x0000000086700000, 0x0000000086800000, 0x0000000086800000|100%| E|CS|TAMS 0x0000000086700000| PB 0x0000000086700000| Complete 
| 104|0x0000000086800000, 0x0000000086900000, 0x0000000086900000|100%| E|CS|TAMS 0x0000000086800000| PB 0x0000000086800000| Complete 
| 105|0x0000000086900000, 0x0000000086a00000, 0x0000000086a00000|100%| E|CS|TAMS 0x0000000086900000| PB 0x0000000086900000| Complete 
| 106|0x0000000086a00000, 0x0000000086b00000, 0x0000000086b00000|100%| E|CS|TAMS 0x0000000086a00000| PB 0x0000000086a00000| Complete 
| 107|0x0000000086b00000, 0x0000000086c00000, 0x0000000086c00000|100%| E|CS|TAMS 0x0000000086b00000| PB 0x0000000086b00000| Complete 
| 117|0x0000000087500000, 0x0000000087600000, 0x0000000087600000|100%| E|CS|TAMS 0x0000000087500000| PB 0x0000000087500000| Complete 
|2043|0x00000000ffb00000, 0x00000000ffc00000, 0x00000000ffc00000|100%| O|  |TAMS 0x00000000ffb00000| PB 0x00000000ffb00000| Untracked 
|2044|0x00000000ffc00000, 0x00000000ffd00000, 0x00000000ffd00000|100%| O|  |TAMS 0x00000000ffc00000| PB 0x00000000ffc00000| Untracked 
|2045|0x00000000ffd00000, 0x00000000ffe00000, 0x00000000ffe00000|100%| O|  |TAMS 0x00000000ffd00000| PB 0x00000000ffd00000| Untracked 
|2046|0x00000000ffe00000, 0x00000000fff00000, 0x00000000fff00000|100%| O|  |TAMS 0x00000000ffe00000| PB 0x00000000ffe00000| Untracked 
|2047|0x00000000fff00000, 0x0000000100000000, 0x0000000100000000|100%| O|  |TAMS 0x00000000fff00000| PB 0x00000000fff00000| Untracked 

Card table byte_map: [0x0000021efbd30000,0x0000021efc130000] _byte_map_base: 0x0000021efb930000

Marking Bits: (CMBitMap*) 0x0000021ef2d69350
 Bits: [0x0000021efc130000, 0x0000021efe130000)

Polling page: 0x0000021ef0af0000

Metaspace:

Usage:
  Non-class:     33.48 MB used.
      Class:      5.46 MB used.
       Both:     38.94 MB used.

Virtual space:
  Non-class space:       64.00 MB reserved,      34.19 MB ( 53%) committed,  1 nodes.
      Class space:        1.00 GB reserved,       6.12 MB ( <1%) committed,  1 nodes.
             Both:        1.06 GB reserved,      40.31 MB (  4%) committed. 

Chunk freelists:
   Non-Class:  13.66 MB
       Class:  9.72 MB
        Both:  23.38 MB

MaxMetaspaceSize: unlimited
CompressedClassSpaceSize: 1.00 GB
Initial GC threshold: 21.00 MB
Current GC threshold: 59.19 MB
CDS: on
 - commit_granule_bytes: 65536.
 - commit_granule_words: 8192.
 - virtual_space_node_default_size: 8388608.
 - enlarge_chunks_in_place: 1.
 - use_allocation_guard: 0.


Internal statistics:

num_allocs_failed_limit: 9.
num_arena_births: 2362.
num_arena_deaths: 0.
num_vsnodes_births: 2.
num_vsnodes_deaths: 0.
num_space_committed: 645.
num_space_uncommitted: 0.
num_chunks_returned_to_freelist: 9.
num_chunks_taken_from_freelist: 4145.
num_chunk_merges: 3.
num_chunk_splits: 2690.
num_chunks_enlarged: 1646.
num_inconsistent_stats: 0.

CodeHeap 'non-profiled nmethods': size=120000Kb used=2407Kb max_used=2407Kb free=117592Kb
 bounds [0x0000021e87ad0000, 0x0000021e87d60000, 0x0000021e8f000000]
CodeHeap 'profiled nmethods': size=120000Kb used=8410Kb max_used=8410Kb free=111589Kb
 bounds [0x0000021e80000000, 0x0000021e80840000, 0x0000021e87530000]
CodeHeap 'non-nmethods': size=5760Kb used=2699Kb max_used=2734Kb free=3060Kb
 bounds [0x0000021e87530000, 0x0000021e877e0000, 0x0000021e87ad0000]
 total_blobs=5302 nmethods=4471 adapters=732
 compilation: enabled
              stopped_count=0, restarted_count=0
 full_count=0

Compilation events (20 events):
Event: 7.968 Thread 0x0000021ed7bda810 nmethod 3985 0x0000021e87afc290 code [0x0000021e87afc460, 0x0000021e87afc7d8]
Event: 7.968 Thread 0x0000021ed7bda810 3987       4       org.codehaus.groovy.vmplugin.v9.Java9$$Lambda/0x0000021e92582fc8::test (12 bytes)
Event: 7.970 Thread 0x0000021efe54d910 4990       2       org.gradle.internal.operations.OperationIdentifier::hashCode (14 bytes)
Event: 7.970 Thread 0x0000021efe54d910 nmethod 4990 0x0000021e80835090 code [0x0000021e80835220, 0x0000021e80835338]
Event: 7.970 Thread 0x0000021efe54d910 4991       2       org.gradle.internal.logging.slf4j.OutputEventListenerBackedLogger::debug (7 bytes)
Event: 7.970 Thread 0x0000021efe54d910 nmethod 4991 0x0000021e80835410 code [0x0000021e808355c0, 0x0000021e808356e8]
Event: 7.970 Thread 0x0000021efe54d910 4993       2       sun.nio.fs.WindowsPath::toWindowsPath (32 bytes)
Event: 7.970 Thread 0x0000021efe54d910 nmethod 4993 0x0000021e80835790 code [0x0000021e80835960, 0x0000021e80835c50]
Event: 7.970 Thread 0x0000021efe54d910 4992       2       org.gradle.internal.logging.slf4j.BuildOperationAwareLogger::debug (18 bytes)
Event: 7.970 Thread 0x0000021efe54d910 nmethod 4992 0x0000021e80835d90 code [0x0000021e80835f40, 0x0000021e808360f0]
Event: 7.980 Thread 0x0000021efe54d910 4994       2       java.net.SocketAddress::<init> (5 bytes)
Event: 7.980 Thread 0x0000021efe54d910 nmethod 4994 0x0000021e80368890 code [0x0000021e80368a20, 0x0000021e80368b28]
Event: 8.289 Thread 0x0000021efe54d910 4995   !   2       sun.nio.ch.NativeThreadSet::add (155 bytes)
Event: 8.289 Thread 0x0000021efe54d910 nmethod 4995 0x0000021e80836210 code [0x0000021e808363e0, 0x0000021e808368c0]
Event: 8.289 Thread 0x0000021efe54d910 4996   !   2       sun.nio.ch.NativeThreadSet::remove (90 bytes)
Event: 8.290 Thread 0x0000021efe54d910 nmethod 4996 0x0000021e80836b90 code [0x0000021e80836d40, 0x0000021e80836fa0]
Event: 8.866 Thread 0x0000021efe54d910 4997       1       javax.management.ObjectName$Property::setKeyIndex (6 bytes)
Event: 8.866 Thread 0x0000021efe54d910 nmethod 4997 0x0000021e87afbf90 code [0x0000021e87afc120, 0x0000021e87afc1e8]
Event: 8.866 Thread 0x0000021efe54d910 4998       1       sun.management.MemoryPoolImpl::getName (5 bytes)
Event: 8.866 Thread 0x0000021efe54d910 nmethod 4998 0x0000021e87afbc90 code [0x0000021e87afbe20, 0x0000021e87afbee8]

GC Heap History (18 events):
Event: 0.450 GC heap before
{Heap before GC invocations=0 (full 0):
 garbage-first heap   total 120832K, used 22528K [0x0000000080000000, 0x0000000100000000)
  region size 1024K, 23 young (23552K), 0 survivors (0K)
 Metaspace       used 1069K, committed 1216K, reserved 1114112K
  class space    used 76K, committed 128K, reserved 1048576K
}
Event: 0.454 GC heap after
{Heap after GC invocations=1 (full 0):
 garbage-first heap   total 120832K, used 3112K [0x0000000080000000, 0x0000000100000000)
  region size 1024K, 3 young (3072K), 3 survivors (3072K)
 Metaspace       used 1069K, committed 1216K, reserved 1114112K
  class space    used 76K, committed 128K, reserved 1048576K
}
Event: 0.991 GC heap before
{Heap before GC invocations=1 (full 0):
 garbage-first heap   total 120832K, used 38952K [0x0000000080000000, 0x0000000100000000)
  region size 1024K, 36 young (36864K), 3 survivors (3072K)
 Metaspace       used 4352K, committed 4544K, reserved 1114112K
  class space    used 533K, committed 640K, reserved 1048576K
}
Event: 1.002 GC heap after
{Heap after GC invocations=2 (full 0):
 garbage-first heap   total 120832K, used 11190K [0x0000000080000000, 0x0000000100000000)
  region size 1024K, 5 young (5120K), 5 survivors (5120K)
 Metaspace       used 4352K, committed 4544K, reserved 1114112K
  class space    used 533K, committed 640K, reserved 1048576K
}
Event: 1.624 GC heap before
{Heap before GC invocations=2 (full 0):
 garbage-first heap   total 120832K, used 59318K [0x0000000080000000, 0x0000000100000000)
  region size 1024K, 50 young (51200K), 5 survivors (5120K)
 Metaspace       used 4845K, committed 5120K, reserved 1114112K
  class space    used 617K, committed 768K, reserved 1048576K
}
Event: 1.631 GC heap after
{Heap after GC invocations=3 (full 0):
 garbage-first heap   total 120832K, used 17151K [0x0000000080000000, 0x0000000100000000)
  region size 1024K, 5 young (5120K), 5 survivors (5120K)
 Metaspace       used 4845K, committed 5120K, reserved 1114112K
  class space    used 617K, committed 768K, reserved 1048576K
}
Event: 3.396 GC heap before
{Heap before GC invocations=3 (full 0):
 garbage-first heap   total 120832K, used 83711K [0x0000000080000000, 0x0000000100000000)
  region size 1024K, 70 young (71680K), 5 survivors (5120K)
 Metaspace       used 17939K, committed 18496K, reserved 1114112K
  class space    used 2471K, committed 2752K, reserved 1048576K
}
Event: 3.417 GC heap after
{Heap after GC invocations=4 (full 0):
 garbage-first heap   total 120832K, used 22717K [0x0000000080000000, 0x0000000100000000)
  region size 1024K, 9 young (9216K), 9 survivors (9216K)
 Metaspace       used 17939K, committed 18496K, reserved 1114112K
  class space    used 2471K, committed 2752K, reserved 1048576K
}
Event: 4.225 GC heap before
{Heap before GC invocations=4 (full 0):
 garbage-first heap   total 120832K, used 47293K [0x0000000080000000, 0x0000000100000000)
  region size 1024K, 34 young (34816K), 9 survivors (9216K)
 Metaspace       used 20858K, committed 21504K, reserved 1114112K
  class space    used 2972K, committed 3328K, reserved 1048576K
}
Event: 4.234 GC heap after
{Heap after GC invocations=5 (full 0):
 garbage-first heap   total 120832K, used 25363K [0x0000000080000000, 0x0000000100000000)
  region size 1024K, 7 young (7168K), 7 survivors (7168K)
 Metaspace       used 20858K, committed 21504K, reserved 1114112K
  class space    used 2972K, committed 3328K, reserved 1048576K
}
Event: 6.174 GC heap before
{Heap before GC invocations=6 (full 0):
 garbage-first heap   total 86016K, used 85779K [0x0000000080000000, 0x0000000100000000)
  region size 1024K, 66 young (67584K), 7 survivors (7168K)
 Metaspace       used 28432K, committed 29568K, reserved 1114112K
  class space    used 4202K, committed 4800K, reserved 1048576K
}
Event: 6.184 GC heap after
{Heap after GC invocations=7 (full 0):
 garbage-first heap   total 97280K, used 28021K [0x0000000080000000, 0x0000000100000000)
  region size 1024K, 6 young (6144K), 6 survivors (6144K)
 Metaspace       used 28432K, committed 29568K, reserved 1114112K
  class space    used 4202K, committed 4800K, reserved 1048576K
}
Event: 6.811 GC heap before
{Heap before GC invocations=7 (full 0):
 garbage-first heap   total 97280K, used 60789K [0x0000000080000000, 0x0000000100000000)
  region size 1024K, 40 young (40960K), 6 survivors (6144K)
 Metaspace       used 34687K, committed 35968K, reserved 1114112K
  class space    used 5043K, committed 5696K, reserved 1048576K
}
Event: 6.815 GC heap after
{Heap after GC invocations=8 (full 0):
 garbage-first heap   total 97280K, used 30897K [0x0000000080000000, 0x0000000100000000)
  region size 1024K, 7 young (7168K), 7 survivors (7168K)
 Metaspace       used 34687K, committed 35968K, reserved 1114112K
  class space    used 5043K, committed 5696K, reserved 1048576K
}
Event: 6.834 GC heap before
{Heap before GC invocations=8 (full 0):
 garbage-first heap   total 97280K, used 31921K [0x0000000080000000, 0x0000000100000000)
  region size 1024K, 9 young (9216K), 7 survivors (7168K)
 Metaspace       used 34936K, committed 36288K, reserved 1114112K
  class space    used 5059K, committed 5760K, reserved 1048576K
}
Event: 6.837 GC heap after
{Heap after GC invocations=9 (full 0):
 garbage-first heap   total 97280K, used 30962K [0x0000000080000000, 0x0000000100000000)
  region size 1024K, 3 young (3072K), 3 survivors (3072K)
 Metaspace       used 34936K, committed 36288K, reserved 1114112K
  class space    used 5059K, committed 5760K, reserved 1048576K
}
Event: 7.743 GC heap before
{Heap before GC invocations=10 (full 0):
 garbage-first heap   total 97280K, used 84210K [0x0000000080000000, 0x0000000100000000)
  region size 1024K, 51 young (52224K), 3 survivors (3072K)
 Metaspace       used 39235K, committed 40576K, reserved 1114112K
  class space    used 5486K, committed 6144K, reserved 1048576K
}
Event: 7.751 GC heap after
{Heap after GC invocations=11 (full 0):
 garbage-first heap   total 116736K, used 36370K [0x0000000080000000, 0x0000000100000000)
  region size 1024K, 7 young (7168K), 7 survivors (7168K)
 Metaspace       used 39235K, committed 40576K, reserved 1114112K
  class space    used 5486K, committed 6144K, reserved 1048576K
}

Dll operation events (15 events):
Event: 0.010 Loaded shared library c:\Users\Saumil1103\AppData\Roaming\Code\User\globalStorage\pleiades.java-extension-pack-jdk\java\21\bin\java.dll
Event: 0.048 Loaded shared library c:\Users\Saumil1103\AppData\Roaming\Code\User\globalStorage\pleiades.java-extension-pack-jdk\java\21\bin\jsvml.dll
Event: 0.091 Loaded shared library c:\Users\Saumil1103\AppData\Roaming\Code\User\globalStorage\pleiades.java-extension-pack-jdk\java\21\bin\zip.dll
Event: 0.095 Loaded shared library C:\Users\Saumil1103\AppData\Roaming\Code\User\globalStorage\pleiades.java-extension-pack-jdk\java\21\bin\instrument.dll
Event: 0.099 Loaded shared library C:\Users\Saumil1103\AppData\Roaming\Code\User\globalStorage\pleiades.java-extension-pack-jdk\java\21\bin\net.dll
Event: 0.101 Loaded shared library C:\Users\Saumil1103\AppData\Roaming\Code\User\globalStorage\pleiades.java-extension-pack-jdk\java\21\bin\nio.dll
Event: 0.105 Loaded shared library C:\Users\Saumil1103\AppData\Roaming\Code\User\globalStorage\pleiades.java-extension-pack-jdk\java\21\bin\zip.dll
Event: 0.393 Loaded shared library C:\Users\Saumil1103\AppData\Roaming\Code\User\globalStorage\pleiades.java-extension-pack-jdk\java\21\bin\jimage.dll
Event: 0.508 Loaded shared library c:\Users\Saumil1103\AppData\Roaming\Code\User\globalStorage\pleiades.java-extension-pack-jdk\java\21\bin\verify.dll
Event: 0.644 Loaded shared library C:\Users\Saumil1103\.gradle\native\c067742578af261105cb4f569cf0c3c89f3d7b1fecec35dd04571415982c5e48\windows-amd64\native-platform.dll
Event: 0.650 Loaded shared library C:\Users\Saumil1103\.gradle\native\100fb08df4bc3b14c8652ba06237920a3bd2aa13389f12d3474272988ae205f9\windows-amd64\native-platform-file-events.dll
Event: 1.815 Loaded shared library C:\Users\Saumil1103\AppData\Roaming\Code\User\globalStorage\pleiades.java-extension-pack-jdk\java\21\bin\management.dll
Event: 1.818 Loaded shared library C:\Users\Saumil1103\AppData\Roaming\Code\User\globalStorage\pleiades.java-extension-pack-jdk\java\21\bin\management_ext.dll
Event: 2.035 Loaded shared library C:\Users\Saumil1103\AppData\Roaming\Code\User\globalStorage\pleiades.java-extension-pack-jdk\java\21\bin\extnet.dll
Event: 2.376 Loaded shared library C:\Users\Saumil1103\AppData\Roaming\Code\User\globalStorage\pleiades.java-extension-pack-jdk\java\21\bin\sunmscapi.dll

Deoptimization events (20 events):
Event: 7.602 Thread 0x0000021ed6f342a0 Uncommon trap: trap_request=0xffffffc6 fr.pc=0x0000021e87d42594 relative=0x0000000000007e14
Event: 7.602 Thread 0x0000021ed6f342a0 Uncommon trap: reason=bimorphic_or_optimized_type_check action=maybe_recompile pc=0x0000021e87d42594 method=java.lang.ClassLoader.loadClass(Ljava/lang/String;Z)Ljava/lang/Class; @ 69 c2
Event: 7.602 Thread 0x0000021ed6f342a0 DEOPT PACKING pc=0x0000021e87d42594 sp=0x000000beabaf83f0
Event: 7.602 Thread 0x0000021ed6f342a0 DEOPT UNPACKING pc=0x0000021e875846a2 sp=0x000000beabaf8460 mode 2
Event: 7.602 Thread 0x0000021ed6f342a0 Uncommon trap: trap_request=0xffffffc6 fr.pc=0x0000021e87d42594 relative=0x0000000000007e14
Event: 7.602 Thread 0x0000021ed6f342a0 Uncommon trap: reason=bimorphic_or_optimized_type_check action=maybe_recompile pc=0x0000021e87d42594 method=java.lang.ClassLoader.loadClass(Ljava/lang/String;Z)Ljava/lang/Class; @ 69 c2
Event: 7.602 Thread 0x0000021ed6f342a0 DEOPT PACKING pc=0x0000021e87d42594 sp=0x000000beabaf85e0
Event: 7.602 Thread 0x0000021ed6f342a0 DEOPT UNPACKING pc=0x0000021e875846a2 sp=0x000000beabaf8650 mode 2
Event: 7.768 Thread 0x0000021ed6f342a0 Uncommon trap: trap_request=0xffffff45 fr.pc=0x0000021e87b99044 relative=0x00000000000000a4
Event: 7.768 Thread 0x0000021ed6f342a0 Uncommon trap: reason=unstable_if action=reinterpret pc=0x0000021e87b99044 method=java.lang.ref.ReferenceQueue.poll()Ljava/lang/ref/Reference; @ 4 c2
Event: 7.768 Thread 0x0000021ed6f342a0 DEOPT PACKING pc=0x0000021e87b99044 sp=0x000000beabaf5f40
Event: 7.768 Thread 0x0000021ed6f342a0 DEOPT UNPACKING pc=0x0000021e875846a2 sp=0x000000beabaf5e28 mode 2
Event: 7.854 Thread 0x0000021ed6f342a0 Uncommon trap: trap_request=0xffffff45 fr.pc=0x0000021e87ce1120 relative=0x0000000000000a40
Event: 7.854 Thread 0x0000021ed6f342a0 Uncommon trap: reason=unstable_if action=reinterpret pc=0x0000021e87ce1120 method=org.objectweb.asm.Frame.push(I)V @ 26 c2
Event: 7.854 Thread 0x0000021ed6f342a0 DEOPT PACKING pc=0x0000021e87ce1120 sp=0x000000beabaf64c0
Event: 7.854 Thread 0x0000021ed6f342a0 DEOPT UNPACKING pc=0x0000021e875846a2 sp=0x000000beabaf63c8 mode 2
Event: 7.932 Thread 0x0000021ed6f342a0 Uncommon trap: trap_request=0xffffff45 fr.pc=0x0000021e87cf8850 relative=0x0000000000000130
Event: 7.932 Thread 0x0000021ed6f342a0 Uncommon trap: reason=unstable_if action=reinterpret pc=0x0000021e87cf8850 method=java.util.Arrays.hashCode([Ljava/lang/Object;)I @ 34 c2
Event: 7.932 Thread 0x0000021ed6f342a0 DEOPT PACKING pc=0x0000021e87cf8850 sp=0x000000beabaf4470
Event: 7.932 Thread 0x0000021ed6f342a0 DEOPT UNPACKING pc=0x0000021e875846a2 sp=0x000000beabaf43e8 mode 2

Classes loaded (20 events):
Event: 7.671 Loading class java/util/function/IntBinaryOperator
Event: 7.671 Loading class java/util/function/IntBinaryOperator done
Event: 7.767 Loading class java/util/AbstractCollectionBeanInfo
Event: 7.767 Loading class java/util/AbstractCollectionBeanInfo done
Event: 7.767 Loading class java/util/AbstractCollectionBeanInfo
Event: 7.767 Loading class java/util/AbstractCollectionBeanInfo done
Event: 7.767 Loading class java/util/AbstractCollectionCustomizer
Event: 7.767 Loading class java/util/AbstractCollectionCustomizer done
Event: 7.767 Loading class java/util/AbstractCollectionCustomizer
Event: 7.767 Loading class java/util/AbstractCollectionCustomizer done
Event: 7.768 Loading class sun/reflect/generics/tree/BooleanSignature
Event: 7.768 Loading class sun/reflect/generics/tree/BooleanSignature done
Event: 7.769 Loading class sun/reflect/generics/reflectiveObjects/GenericArrayTypeImpl
Event: 7.769 Loading class sun/reflect/generics/reflectiveObjects/GenericArrayTypeImpl done
Event: 7.942 Loading class java/util/PrimitiveIterator$OfInt
Event: 7.944 Loading class java/util/PrimitiveIterator
Event: 7.944 Loading class java/util/PrimitiveIterator done
Event: 7.944 Loading class java/util/PrimitiveIterator$OfInt done
Event: 7.953 Loading class java/util/concurrent/RecursiveAction
Event: 7.954 Loading class java/util/concurrent/RecursiveAction done

Classes unloaded (0 events):
No events

Classes redefined (0 events):
No events

Internal exceptions (20 events):
Event: 7.781 Thread 0x0000021ed6f342a0 Exception <a 'java/lang/ClassNotFoundException'{0x0000000086843960}: org/gradle/api/internal/DefaultNamedDomainObjectListCustomizer> (0x0000000086843960) 
thrown [s\src\hotspot\share\classfile\systemDictionary.cpp, line 312]
Event: 7.786 Thread 0x0000021ed6f342a0 Exception <a 'java/lang/ClassNotFoundException'{0x000000008689ffa0}: org/gradle/api/internal/artifacts/DefaultArtifactRepositoryContainerCustomizer> (0x000000008689ffa0) 
thrown [s\src\hotspot\share\classfile\systemDictionary.cpp, line 312]
Event: 7.792 Thread 0x0000021ed6f342a0 Exception <a 'java/lang/ClassNotFoundException'{0x00000000868e6440}: org/gradle/api/internal/artifacts/dsl/DefaultRepositoryHandlerCustomizer> (0x00000000868e6440) 
thrown [s\src\hotspot\share\classfile\systemDictionary.cpp, line 312]
Event: 7.800 Thread 0x0000021ed6f342a0 Exception <a 'java/lang/ClassNotFoundException'{0x000000008673ae28}: org/gradle/api/internal/artifacts/dsl/DefaultRepositoryHandler_DecoratedCustomizer> (0x000000008673ae28) 
thrown [s\src\hotspot\share\classfile\systemDictionary.cpp, line 312]
Event: 7.882 Thread 0x0000021ed6f342a0 Exception <a 'java/lang/ClassNotFoundException'{0x00000000863ae2b8}: org/gradle/api/internal/artifacts/repositories/DefaultMavenArtifactRepository_DecoratedBeanInfo> (0x00000000863ae2b8) 
thrown [s\src\hotspot\share\classfile\systemDictionary.cpp, line 312]
Event: 7.884 Thread 0x0000021ed6f342a0 Exception <a 'java/lang/ClassNotFoundException'{0x00000000863c5358}: org/gradle/api/internal/artifacts/repositories/DefaultMavenArtifactRepositoryBeanInfo> (0x00000000863c5358) 
thrown [s\src\hotspot\share\classfile\systemDictionary.cpp, line 312]
Event: 7.886 Thread 0x0000021ed6f342a0 Exception <a 'java/lang/ClassNotFoundException'{0x00000000863dd6f8}: org/gradle/api/internal/artifacts/repositories/AbstractAuthenticationSupportedRepositoryBeanInfo> (0x00000000863dd6f8) 
thrown [s\src\hotspot\share\classfile\systemDictionary.cpp, line 312]
Event: 7.886 Thread 0x0000021ed6f342a0 Exception <a 'java/lang/ClassNotFoundException'{0x00000000863f5ab0}: org/gradle/api/internal/artifacts/repositories/AbstractResolutionAwareArtifactRepositoryBeanInfo> (0x00000000863f5ab0) 
thrown [s\src\hotspot\share\classfile\systemDictionary.cpp, line 312]
Event: 7.889 Thread 0x0000021ed6f342a0 Exception <a 'java/lang/ClassNotFoundException'{0x000000008620dda8}: org/gradle/api/internal/artifacts/repositories/AbstractArtifactRepositoryBeanInfo> (0x000000008620dda8) 
thrown [s\src\hotspot\share\classfile\systemDictionary.cpp, line 312]
Event: 7.890 Thread 0x0000021ed6f342a0 Exception <a 'java/lang/ClassNotFoundException'{0x0000000086225e30}: org/gradle/api/internal/artifacts/repositories/AbstractArtifactRepositoryCustomizer> (0x0000000086225e30) 
thrown [s\src\hotspot\share\classfile\systemDictionary.cpp, line 312]
Event: 7.896 Thread 0x0000021ed6f342a0 Exception <a 'java/lang/ClassNotFoundException'{0x000000008625f720}: org/gradle/api/internal/artifacts/repositories/AbstractResolutionAwareArtifactRepositoryCustomizer> (0x000000008625f720) 
thrown [s\src\hotspot\share\classfile\systemDictionary.cpp, line 312]
Event: 7.898 Thread 0x0000021ed6f342a0 Exception <a 'java/lang/ClassNotFoundException'{0x0000000086282b78}: org/gradle/api/internal/artifacts/repositories/AbstractAuthenticationSupportedRepositoryCustomizer> (0x0000000086282b78) 
thrown [s\src\hotspot\share\classfile\systemDictionary.cpp, line 312]
Event: 7.900 Thread 0x0000021ed6f342a0 Exception <a 'java/lang/ClassNotFoundException'{0x00000000862aeb10}: org/gradle/api/internal/artifacts/repositories/DefaultMavenArtifactRepositoryCustomizer> (0x00000000862aeb10) 
thrown [s\src\hotspot\share\classfile\systemDictionary.cpp, line 312]
Event: 7.902 Thread 0x0000021ed6f342a0 Exception <a 'java/lang/ClassNotFoundException'{0x00000000862de6f0}: org/gradle/api/internal/artifacts/repositories/DefaultMavenArtifactRepository_DecoratedCustomizer> (0x00000000862de6f0) 
thrown [s\src\hotspot\share\classfile\systemDictionary.cpp, line 312]
Event: 7.917 Thread 0x0000021ed6f342a0 Exception <a 'java/lang/ClassNotFoundException'{0x00000000861a3ae0}: org/gradle/api/internal/artifacts/repositories/DefaultMavenRepositoryContentDescriptorBeanInfo> (0x00000000861a3ae0) 
thrown [s\src\hotspot\share\classfile\systemDictionary.cpp, line 312]
Event: 7.919 Thread 0x0000021ed6f342a0 Exception <a 'java/lang/ClassNotFoundException'{0x00000000861bc3d8}: org/gradle/api/internal/artifacts/repositories/DefaultRepositoryContentDescriptorBeanInfo> (0x00000000861bc3d8) 
thrown [s\src\hotspot\share\classfile\systemDictionary.cpp, line 312]
Event: 7.920 Thread 0x0000021ed6f342a0 Exception <a 'java/lang/ClassNotFoundException'{0x00000000861d4770}: org/gradle/api/internal/artifacts/repositories/DefaultRepositoryContentDescriptorCustomizer> (0x00000000861d4770) 
thrown [s\src\hotspot\share\classfile\systemDictionary.cpp, line 312]
Event: 7.924 Thread 0x0000021ed6f342a0 Exception <a 'java/lang/ClassNotFoundException'{0x0000000086002d00}: org/gradle/api/internal/artifacts/repositories/DefaultMavenRepositoryContentDescriptorCustomizer> (0x0000000086002d00) 
thrown [s\src\hotspot\share\classfile\systemDictionary.cpp, line 312]
Event: 7.932 Thread 0x0000021ed6f342a0 Implicit null exception at 0x0000021e87cf877c to 0x0000021e87cf8834
Event: 7.969 Thread 0x0000021ed6f342a0 Exception <a 'java/lang/IncompatibleClassChangeError'{0x0000000085f53ee8}: Found class java.lang.Object, but interface was expected> (0x0000000085f53ee8) 
thrown [s\src\hotspot\share\interpreter\linkResolver.cpp, line 840]

ZGC Phase Switch (0 events):
No events

VM Operations (20 events):
Event: 6.811 Executing VM operation: CollectForMetadataAllocation (Metadata GC Threshold)
Event: 6.815 Executing VM operation: CollectForMetadataAllocation (Metadata GC Threshold) done
Event: 6.834 Executing VM operation: CollectForMetadataAllocation (Metadata GC Threshold)
Event: 6.837 Executing VM operation: CollectForMetadataAllocation (Metadata GC Threshold) done
Event: 6.850 Executing VM operation: G1PauseRemark
Event: 6.853 Executing VM operation: G1PauseRemark done
Event: 6.859 Executing VM operation: G1PauseCleanup
Event: 6.859 Executing VM operation: G1PauseCleanup done
Event: 6.886 Executing VM operation: HandshakeAllThreads (Deoptimize)
Event: 6.886 Executing VM operation: HandshakeAllThreads (Deoptimize) done
Event: 7.001 Executing VM operation: HandshakeAllThreads (Deoptimize)
Event: 7.001 Executing VM operation: HandshakeAllThreads (Deoptimize) done
Event: 7.079 Executing VM operation: HandshakeAllThreads (Deoptimize)
Event: 7.079 Executing VM operation: HandshakeAllThreads (Deoptimize) done
Event: 7.258 Executing VM operation: ICBufferFull
Event: 7.258 Executing VM operation: ICBufferFull done
Event: 7.743 Executing VM operation: G1CollectForAllocation (G1 Evacuation Pause)
Event: 7.751 Executing VM operation: G1CollectForAllocation (G1 Evacuation Pause) done
Event: 8.757 Executing VM operation: Cleanup
Event: 8.757 Executing VM operation: Cleanup done

Memory protections (0 events):
No events

Nmethod flushes (20 events):
Event: 6.852 Thread 0x0000021efe513f70 flushing  nmethod 0x0000021e800b5b10
Event: 6.852 Thread 0x0000021efe513f70 flushing  nmethod 0x0000021e800b6890
Event: 6.852 Thread 0x0000021efe513f70 flushing  nmethod 0x0000021e800b7910
Event: 6.852 Thread 0x0000021efe513f70 flushing  nmethod 0x0000021e800b8590
Event: 6.852 Thread 0x0000021efe513f70 flushing  nmethod 0x0000021e8014de10
Event: 6.852 Thread 0x0000021efe513f70 flushing  nmethod 0x0000021e8014e690
Event: 6.852 Thread 0x0000021efe513f70 flushing  nmethod 0x0000021e8014fc90
Event: 6.852 Thread 0x0000021efe513f70 flushing  nmethod 0x0000021e80158b90
Event: 6.852 Thread 0x0000021efe513f70 flushing  nmethod 0x0000021e80159a90
Event: 6.852 Thread 0x0000021efe513f70 flushing  nmethod 0x0000021e80159e90
Event: 6.852 Thread 0x0000021efe513f70 flushing  nmethod 0x0000021e8015b810
Event: 6.852 Thread 0x0000021efe513f70 flushing  nmethod 0x0000021e8015be10
Event: 6.852 Thread 0x0000021efe513f70 flushing  nmethod 0x0000021e8015f090
Event: 6.852 Thread 0x0000021efe513f70 flushing  nmethod 0x0000021e80204690
Event: 6.852 Thread 0x0000021efe513f70 flushing  nmethod 0x0000021e80207e90
Event: 6.852 Thread 0x0000021efe513f70 flushing  nmethod 0x0000021e803dd490
Event: 6.852 Thread 0x0000021efe513f70 flushing  nmethod 0x0000021e803e1c10
Event: 6.852 Thread 0x0000021efe513f70 flushing  nmethod 0x0000021e803e2010
Event: 6.852 Thread 0x0000021efe513f70 flushing  nmethod 0x0000021e80423e90
Event: 6.852 Thread 0x0000021efe513f70 flushing  nmethod 0x0000021e804c0890

Events (20 events):
Event: 2.422 Thread 0x0000021efe5497d0 Thread added: 0x0000021ed6f342a0
Event: 2.432 Thread 0x0000021ed6f342a0 Thread added: 0x0000021ed6f36a00
Event: 2.436 Thread 0x0000021ed6f342a0 Thread added: 0x0000021ed6f35ce0
Event: 2.437 Thread 0x0000021ed6f342a0 Thread added: 0x0000021ed6f37090
Event: 2.827 Thread 0x0000021ed6f342a0 Thread added: 0x0000021ed6f37720
Event: 2.842 Thread 0x0000021ed6f342a0 Thread added: 0x0000021ed6f36370
Event: 2.896 Thread 0x0000021ed6f342a0 Thread added: 0x0000021ed6f35650
Event: 2.919 Thread 0x0000021ed6f36370 Thread added: 0x0000021ed6f34930
Event: 3.095 Thread 0x0000021efe54d910 Thread added: 0x0000021ed7bda810
Event: 3.887 Thread 0x0000021ed6f342a0 Thread added: 0x0000021ed6f37db0
Event: 4.548 Thread 0x0000021ed6f342a0 Thread added: 0x0000021ed6f38440
Event: 4.663 Thread 0x0000021ed6f342a0 Thread added: 0x0000021ed6f34fc0
Event: 5.203 Thread 0x0000021ed6f342a0 Thread added: 0x0000021ed6f397f0
Event: 5.213 Thread 0x0000021ed6f342a0 Thread added: 0x0000021ed6f38ad0
Event: 5.861 Thread 0x0000021ed6f342a0 Thread added: 0x0000021ed6f3a510
Event: 6.085 Thread 0x0000021ed6f342a0 Thread added: 0x0000021ed6f39160
Event: 6.213 Thread 0x0000021ed6f342a0 Thread added: 0x0000021ed6f3b8c0
Event: 6.468 Thread 0x0000021ed6f342a0 Thread added: 0x0000021ed6f3aba0
Event: 6.512 Thread 0x0000021ed6f342a0 Thread added: 0x0000021ed6f39e80
Event: 7.551 Thread 0x0000021ed6f342a0 Thread added: 0x0000021ed8201d60


Dynamic libraries:
0x00007ff7401f0000 - 0x00007ff7401fe000 	c:\Users\Saumil1103\AppData\Roaming\Code\User\globalStorage\pleiades.java-extension-pack-jdk\java\21\bin\java.exe
0x00007ff8131e0000 - 0x00007ff813440000 	C:\WINDOWS\SYSTEM32\ntdll.dll
0x00007ff8123d0000 - 0x00007ff812497000 	C:\WINDOWS\System32\KERNEL32.DLL
0x00007ff8103c0000 - 0x00007ff81078a000 	C:\WINDOWS\System32\KERNELBASE.dll
0x00007ff80d460000 - 0x00007ff80d4fc000 	C:\WINDOWS\SYSTEM32\apphelp.dll
0x00007ff810b40000 - 0x00007ff810c8b000 	C:\WINDOWS\System32\ucrtbase.dll
0x00007ff807e70000 - 0x00007ff807e88000 	c:\Users\Saumil1103\AppData\Roaming\Code\User\globalStorage\pleiades.java-extension-pack-jdk\java\21\bin\jli.dll
0x00007ff807e50000 - 0x00007ff807e6e000 	c:\Users\Saumil1103\AppData\Roaming\Code\User\globalStorage\pleiades.java-extension-pack-jdk\java\21\bin\VCRUNTIME140.dll
0x00007ff8115c0000 - 0x00007ff81178c000 	C:\WINDOWS\System32\USER32.dll
0x00007ffffd4a0000 - 0x00007ffffd737000 	C:\WINDOWS\WinSxS\amd64_microsoft.windows.common-controls_6595b64144ccf1df_6.0.26100.3624_none_3e086962e3345f24\COMCTL32.dll
0x00007ff8109c0000 - 0x00007ff8109e7000 	C:\WINDOWS\System32\win32u.dll
0x00007ff811280000 - 0x00007ff8112aa000 	C:\WINDOWS\System32\GDI32.dll
0x00007ff812120000 - 0x00007ff8121c9000 	C:\WINDOWS\System32\msvcrt.dll
0x00007ff810e10000 - 0x00007ff810f41000 	C:\WINDOWS\System32\gdi32full.dll
0x00007ff8109f0000 - 0x00007ff810a93000 	C:\WINDOWS\System32\msvcp_win.dll
0x00007ff812310000 - 0x00007ff81233f000 	C:\WINDOWS\System32\IMM32.DLL
0x00007ff807ea0000 - 0x00007ff807eac000 	c:\Users\Saumil1103\AppData\Roaming\Code\User\globalStorage\pleiades.java-extension-pack-jdk\java\21\bin\vcruntime140_1.dll
0x00007fffb0a90000 - 0x00007fffb0b1d000 	c:\Users\Saumil1103\AppData\Roaming\Code\User\globalStorage\pleiades.java-extension-pack-jdk\java\21\bin\msvcp140.dll
0x00007fffa2ab0000 - 0x00007fffa3840000 	c:\Users\Saumil1103\AppData\Roaming\Code\User\globalStorage\pleiades.java-extension-pack-jdk\java\21\bin\server\jvm.dll
0x00007ff8111c0000 - 0x00007ff811272000 	C:\WINDOWS\System32\ADVAPI32.dll
0x00007ff811810000 - 0x00007ff8118b6000 	C:\WINDOWS\System32\sechost.dll
0x00007ff8118c0000 - 0x00007ff8119d6000 	C:\WINDOWS\System32\RPCRT4.dll
0x00007ff812350000 - 0x00007ff8123c4000 	C:\WINDOWS\System32\WS2_32.dll
0x00007ff810230000 - 0x00007ff81028e000 	C:\WINDOWS\SYSTEM32\POWRPROF.dll
0x00007ff807b80000 - 0x00007ff807bb6000 	C:\WINDOWS\SYSTEM32\WINMM.dll
0x00007ff808380000 - 0x00007ff80838b000 	C:\WINDOWS\SYSTEM32\VERSION.dll
0x00007ff810210000 - 0x00007ff810224000 	C:\WINDOWS\SYSTEM32\UMPDC.dll
0x00007ff80f1b0000 - 0x00007ff80f1ca000 	C:\WINDOWS\SYSTEM32\kernel.appcore.dll
0x00007ffff5b30000 - 0x00007ffff5b3a000 	c:\Users\Saumil1103\AppData\Roaming\Code\User\globalStorage\pleiades.java-extension-pack-jdk\java\21\bin\jimage.dll
0x00007ff803940000 - 0x00007ff803b81000 	C:\WINDOWS\SYSTEM32\DBGHELP.DLL
0x00007ff812cb0000 - 0x00007ff813032000 	C:\WINDOWS\System32\combase.dll
0x00007ff812740000 - 0x00007ff812816000 	C:\WINDOWS\System32\OLEAUT32.dll
0x00007fffe9db0000 - 0x00007fffe9de9000 	C:\WINDOWS\SYSTEM32\dbgcore.DLL
0x00007ff810aa0000 - 0x00007ff810b39000 	C:\WINDOWS\System32\bcryptPrimitives.dll
0x00007ffff5a80000 - 0x00007ffff5a8f000 	c:\Users\Saumil1103\AppData\Roaming\Code\User\globalStorage\pleiades.java-extension-pack-jdk\java\21\bin\instrument.dll
0x00007fffedc80000 - 0x00007fffedc9f000 	c:\Users\Saumil1103\AppData\Roaming\Code\User\globalStorage\pleiades.java-extension-pack-jdk\java\21\bin\java.dll
0x00007ff8119e0000 - 0x00007ff812109000 	C:\WINDOWS\System32\SHELL32.dll
0x00007ff810850000 - 0x00007ff8109b8000 	C:\WINDOWS\System32\wintypes.dll
0x00007ff80e040000 - 0x00007ff80e892000 	C:\WINDOWS\SYSTEM32\windows.storage.dll
0x00007ff8125c0000 - 0x00007ff8126ad000 	C:\WINDOWS\System32\SHCORE.dll
0x00007ff812550000 - 0x00007ff8125b4000 	C:\WINDOWS\System32\shlwapi.dll
0x00007ff8102d0000 - 0x00007ff8102ff000 	C:\WINDOWS\SYSTEM32\profapi.dll
0x00007fffab500000 - 0x00007fffab5d7000 	c:\Users\Saumil1103\AppData\Roaming\Code\User\globalStorage\pleiades.java-extension-pack-jdk\java\21\bin\jsvml.dll
0x00007fffd8950000 - 0x00007fffd8968000 	c:\Users\Saumil1103\AppData\Roaming\Code\User\globalStorage\pleiades.java-extension-pack-jdk\java\21\bin\zip.dll
0x00007ffff5a00000 - 0x00007ffff5a10000 	C:\Users\Saumil1103\AppData\Roaming\Code\User\globalStorage\pleiades.java-extension-pack-jdk\java\21\bin\net.dll
0x00007ff807f70000 - 0x00007ff80808d000 	C:\WINDOWS\SYSTEM32\WINHTTP.dll
0x00007ff80f6f0000 - 0x00007ff80f75a000 	C:\WINDOWS\system32\mswsock.dll
0x00007fffd51e0000 - 0x00007fffd51f6000 	C:\Users\Saumil1103\AppData\Roaming\Code\User\globalStorage\pleiades.java-extension-pack-jdk\java\21\bin\nio.dll
0x00007fffed4b0000 - 0x00007fffed4c0000 	c:\Users\Saumil1103\AppData\Roaming\Code\User\globalStorage\pleiades.java-extension-pack-jdk\java\21\bin\verify.dll
0x00007fffd2750000 - 0x00007fffd2777000 	C:\Users\Saumil1103\.gradle\native\c067742578af261105cb4f569cf0c3c89f3d7b1fecec35dd04571415982c5e48\windows-amd64\native-platform.dll
0x00007fffb0780000 - 0x00007fffb08c4000 	C:\Users\Saumil1103\.gradle\native\100fb08df4bc3b14c8652ba06237920a3bd2aa13389f12d3474272988ae205f9\windows-amd64\native-platform-file-events.dll
0x00007fffed350000 - 0x00007fffed35a000 	C:\Users\Saumil1103\AppData\Roaming\Code\User\globalStorage\pleiades.java-extension-pack-jdk\java\21\bin\management.dll
0x00007fffe0fa0000 - 0x00007fffe0fab000 	C:\Users\Saumil1103\AppData\Roaming\Code\User\globalStorage\pleiades.java-extension-pack-jdk\java\21\bin\management_ext.dll
0x00007ff812110000 - 0x00007ff812118000 	C:\WINDOWS\System32\PSAPI.DLL
0x00007ff80f990000 - 0x00007ff80f9ac000 	C:\WINDOWS\SYSTEM32\CRYPTSP.dll
0x00007ff80f110000 - 0x00007ff80f14a000 	C:\WINDOWS\system32\rsaenh.dll
0x00007ff80f790000 - 0x00007ff80f7bb000 	C:\WINDOWS\SYSTEM32\USERENV.dll
0x00007ff8102a0000 - 0x00007ff8102c6000 	C:\WINDOWS\SYSTEM32\bcrypt.dll
0x00007ff80f9b0000 - 0x00007ff80f9bc000 	C:\WINDOWS\SYSTEM32\CRYPTBASE.dll
0x00007ff80ec00000 - 0x00007ff80ec33000 	C:\WINDOWS\SYSTEM32\IPHLPAPI.DLL
0x00007ff812700000 - 0x00007ff81270a000 	C:\WINDOWS\System32\NSI.dll
0x00007fffdcfb0000 - 0x00007fffdcfb9000 	C:\Users\Saumil1103\AppData\Roaming\Code\User\globalStorage\pleiades.java-extension-pack-jdk\java\21\bin\extnet.dll
0x00007fffdcf70000 - 0x00007fffdcf7e000 	C:\Users\Saumil1103\AppData\Roaming\Code\User\globalStorage\pleiades.java-extension-pack-jdk\java\21\bin\sunmscapi.dll
0x00007ff810c90000 - 0x00007ff810e07000 	C:\WINDOWS\System32\CRYPT32.dll
0x00007ff80fb90000 - 0x00007ff80fbc0000 	C:\WINDOWS\SYSTEM32\ncrypt.dll
0x00007ff80fb40000 - 0x00007ff80fb7f000 	C:\WINDOWS\SYSTEM32\NTASN1.dll
0x00007fffd3a40000 - 0x00007fffd3a48000 	C:\WINDOWS\system32\wshunix.dll

dbghelp: loaded successfully - version: 4.0.5 - missing functions: none
symbol engine: initialized successfully - sym options: 0x614 - pdb path: .;c:\Users\Saumil1103\AppData\Roaming\Code\User\globalStorage\pleiades.java-extension-pack-jdk\java\21\bin;C:\WINDOWS\SYSTEM32;C:\WINDOWS\WinSxS\amd64_microsoft.windows.common-controls_6595b64144ccf1df_6.0.26100.3624_none_3e086962e3345f24;c:\Users\Saumil1103\AppData\Roaming\Code\User\globalStorage\pleiades.java-extension-pack-jdk\java\21\bin\server;C:\Users\Saumil1103\.gradle\native\c067742578af261105cb4f569cf0c3c89f3d7b1fecec35dd04571415982c5e48\windows-amd64;C:\Users\Saumil1103\.gradle\native\100fb08df4bc3b14c8652ba06237920a3bd2aa13389f12d3474272988ae205f9\windows-amd64

VM Arguments:
jvm_args: --add-opens=java.base/java.lang=ALL-UNNAMED --add-opens=java.base/java.lang.invoke=ALL-UNNAMED --add-opens=java.base/java.util=ALL-UNNAMED --add-opens=java.prefs/java.util.prefs=ALL-UNNAMED --add-exports=jdk.compiler/com.sun.tools.javac.api=ALL-UNNAMED --add-exports=jdk.compiler/com.sun.tools.javac.util=ALL-UNNAMED --add-opens=java.base/java.util=ALL-UNNAMED --add-opens=java.prefs/java.util.prefs=ALL-UNNAMED --add-opens=java.base/java.nio.charset=ALL-UNNAMED --add-opens=java.base/java.net=ALL-UNNAMED --add-opens=java.base/java.util.concurrent.atomic=ALL-UNNAMED --add-opens=java.xml/javax.xml.namespace=ALL-UNNAMED -Xmx2048m -Dfile.encoding=UTF-8 -Duser.country=IN -Duser.language=en -Duser.variant -javaagent:C:\Users\Saumil1103\.gradle\wrapper\dists\gradle-8.11.1-bin\bpt9gzteqjrbo1mjrsomdt32c\gradle-8.11.1\lib\agents\gradle-instrumentation-agent-8.11.1.jar 
java_command: org.gradle.launcher.daemon.bootstrap.GradleDaemon 8.11.1
java_class_path (initial): C:\Users\Saumil1103\.gradle\wrapper\dists\gradle-8.11.1-bin\bpt9gzteqjrbo1mjrsomdt32c\gradle-8.11.1\lib\gradle-daemon-main-8.11.1.jar
Launcher Type: SUN_STANDARD

[Global flags]
     intx CICompilerCount                          = 4                                         {product} {ergonomic}
     uint ConcGCThreads                            = 3                                         {product} {ergonomic}
     uint G1ConcRefinementThreads                  = 10                                        {product} {ergonomic}
   size_t G1HeapRegionSize                         = 1048576                                   {product} {ergonomic}
    uintx GCDrainStackTargetSize                   = 64                                        {product} {ergonomic}
   size_t InitialHeapSize                          = 123731968                                 {product} {ergonomic}
   size_t MarkStackSize                            = 4194304                                   {product} {ergonomic}
   size_t MaxHeapSize                              = 2147483648                                {product} {command line}
   size_t MaxNewSize                               = 1287651328                                {product} {ergonomic}
   size_t MinHeapDeltaBytes                        = 1048576                                   {product} {ergonomic}
   size_t MinHeapSize                              = 8388608                                   {product} {ergonomic}
    uintx NonNMethodCodeHeapSize                   = 5839372                                {pd product} {ergonomic}
    uintx NonProfiledCodeHeapSize                  = 122909434                              {pd product} {ergonomic}
    uintx ProfiledCodeHeapSize                     = 122909434                              {pd product} {ergonomic}
    uintx ReservedCodeCacheSize                    = 251658240                              {pd product} {ergonomic}
     bool SegmentedCodeCache                       = true                                      {product} {ergonomic}
   size_t SoftMaxHeapSize                          = 2147483648                             {manageable} {ergonomic}
     bool UseCompressedOops                        = true                           {product lp64_product} {ergonomic}
     bool UseG1GC                                  = true                                      {product} {ergonomic}
     bool UseLargePagesIndividualAllocation        = false                                  {pd product} {ergonomic}

Logging:
Log output configuration:
 #0: stdout all=warning uptime,level,tags foldmultilines=false
 #1: stderr all=off uptime,level,tags foldmultilines=false

Environment Variables:
PATH=c:\Users\Saumil1103\AppData\Local\Programs\cursor\resources\app\bin;C:\Users\Saumil1103\AppData\Local\Chromium\Application;C:\Program Files\ARX-3.9.1\bin;C:\Program Files\Microsoft SDKs\Azure\CLI2\wbin;C:\Python312\Scripts\;C:\Python312\;C:\Program Files\Common Files\Oracle\Java\javapath;C:\ProgramData\Oracle\Java\javapath;C:\windows\system32;C:\windows;C:\windows\System32\Wbem;C:\windows\System32\WindowsPowerShell\v1.0\;C:\windows\System32\OpenSSH\;C:\Program Files\NVIDIA Corporation\NVIDIA NvDLISR;C:\WINDOWS\system32;C:\WINDOWS;C:\WINDOWS\System32\Wbem;C:\WINDOWS\System32\WindowsPowerShell\v1.0\;C:\WINDOWS\System32\OpenSSH\;C:\Program Files\Microsoft SQL Server\Client SDK\ODBC\170\Tools\Binn\;C:\Program Files (x86)\Microsoft SQL Server\150\Tools\Binn\;C:\Program Files\Microsoft SQL Server\150\Tools\Binn\;C:\Program Files\Microsoft SQL Server\150\DTS\Binn\;C:\Program Files (x86)\Windows Kits\8.1\Windows Performance Toolkit\;C:\Program Files\dotnet\;C:\Program Files\nodejs\;C:\ProgramData\chocolatey\bin;C:\Pr;C:\msys64\home\Saumil1103\.splashkit;C:\msys64\home\Saumil1103\.splashkit\lib\win64;C:\msys64\home\Saumil1103\.splashkit\lib;C:\Windows\System32;C:\Windows;C:\Windows\System32\Wbem;C:\Windows\System32\WindowsPowerShell\v1.0\;C:\Users\Saumil1103\.dotnet\tools;S:\Microsoft VS Code\bin;C:\Users\Saumil1103\AppData\Roaming\npm;C:\Users\Saumil1103\AppData\Local\GitHubDesktop\bin;C:\Users\Saumil1103\AppData\Local\Microsoft\WindowsApps;C:\Users\Saumil1103\AppData\Local\Programs\cursor\resources\app\bin
USERNAME=Saumil1103
OS=Windows_NT
PROCESSOR_IDENTIFIER=AMD64 Family 25 Model 80 Stepping 0, AuthenticAMD
TMP=C:\Users\SAUMIL~1\AppData\Local\Temp
TEMP=C:\Users\SAUMIL~1\AppData\Local\Temp




Periodic native trim disabled

---------------  S Y S T E M  ---------------

OS:
 Windows 11 , 64 bit Build 26100 (10.0.26100.3775)
OS uptime: 2 days 6:01 hours
Hyper-V role detected

CPU: total 12 (initial active 12) (12 cores per cpu, 2 threads per core) family 25 model 80 stepping 0 microcode 0xa50000d, cx8, cmov, fxsr, ht, mmx, 3dnowpref, sse, sse2, sse3, ssse3, sse4a, sse4.1, sse4.2, popcnt, lzcnt, tsc, tscinvbit, avx, avx2, aes, erms, clmul, bmi1, bmi2, adx, sha, fma, vzeroupper, clflush, clflushopt, hv, rdtscp, rdpid, fsrm, f16c, cet_ss
Processor Information for processor 0
  Max Mhz: 3301, Current Mhz: 3301, Mhz Limit: 3301
Processor Information for processor 1
  Max Mhz: 3301, Current Mhz: 3301, Mhz Limit: 3301
Processor Information for processor 2
  Max Mhz: 3301, Current Mhz: 3301, Mhz Limit: 3301
Processor Information for processor 3
  Max Mhz: 3301, Current Mhz: 3301, Mhz Limit: 3301
Processor Information for processor 4
  Max Mhz: 3301, Current Mhz: 2011, Mhz Limit: 3301
Processor Information for processor 5
  Max Mhz: 3301, Current Mhz: 3301, Mhz Limit: 3301
Processor Information for processor 6
  Max Mhz: 3301, Current Mhz: 3301, Mhz Limit: 3301
Processor Information for processor 7
  Max Mhz: 3301, Current Mhz: 2011, Mhz Limit: 3301
Processor Information for processor 8
  Max Mhz: 3301, Current Mhz: 2011, Mhz Limit: 3301
Processor Information for processor 9
  Max Mhz: 3301, Current Mhz: 3301, Mhz Limit: 3301
Processor Information for processor 10
  Max Mhz: 3301, Current Mhz: 3301, Mhz Limit: 3301
Processor Information for processor 11
  Max Mhz: 3301, Current Mhz: 3301, Mhz Limit: 3301

Memory: 4k page, system-wide physical 7521M (574M free)
TotalPageFile size 22881M (AvailPageFile size 21M)
current process WorkingSet (physical memory assigned to process): 289M, peak: 291M
current process commit charge ("private bytes"): 340M, peak: 344M

vm_info: OpenJDK 64-Bit Server VM (21.0.6+7-LTS) for windows-amd64 JRE (21.0.6+7-LTS), built on 2025-01-21T00:00:00Z by "admin" with MS VC++ 17.7 (VS2022)

END.
